<?xml version="1.0" encoding="UTF-8"?>
<coverage generated="1779380323797" clover="3.2.0">
  <project timestamp="1779380323797" name="All files">
    <metrics statements="482" coveredstatements="357" conditionals="325" coveredconditionals="179" methods="92" coveredmethods="79" elements="899" coveredelements="615" complexity="0" loc="482" ncloc="482" packages="1" files="6" classes="6"/>
    <file name="contextEstimator.ts" path="/home/jan/GroepOnline/Context-UI/src/contextEstimator.ts">
      <metrics statements="99" coveredstatements="81" conditionals="108" coveredconditionals="75" methods="20" coveredmethods="20"/>
      <line num="22" count="4" type="stmt"/>
      <line num="36" count="4" type="stmt"/>
      <line num="51" count="16" type="stmt"/>
      <line num="52" count="16" type="stmt"/>
      <line num="53" count="16" type="stmt"/>
      <line num="60" count="32" type="stmt"/>
      <line num="62" count="32" type="cond" truecount="2" falsecount="0"/>
      <line num="63" count="3" type="cond" truecount="2" falsecount="0"/>
      <line num="64" count="2" type="cond" truecount="5" falsecount="0"/>
      <line num="65" count="1" type="cond" truecount="1" falsecount="1"/>
      <line num="66" count="0" type="cond" truecount="0" falsecount="4"/>
      <line num="68" count="0" type="stmt"/>
      <line num="75" count="2" type="cond" truecount="3" falsecount="1"/>
      <line num="77" count="0" type="stmt"/>
      <line num="80" count="0" type="cond" truecount="0" falsecount="2"/>
      <line num="81" count="0" type="stmt"/>
      <line num="85" count="0" type="cond" truecount="0" falsecount="5"/>
      <line num="86" count="0" type="stmt"/>
      <line num="90" count="0" type="cond" truecount="0" falsecount="4"/>
      <line num="91" count="0" type="stmt"/>
      <line num="95" count="0" type="cond" truecount="0" falsecount="2"/>
      <line num="96" count="0" type="stmt"/>
      <line num="100" count="0" type="cond" truecount="0" falsecount="4"/>
      <line num="101" count="0" type="stmt"/>
      <line num="105" count="0" type="cond" truecount="0" falsecount="2"/>
      <line num="106" count="0" type="stmt"/>
      <line num="109" count="0" type="stmt"/>
      <line num="116" count="55" type="cond" truecount="1" falsecount="1"/>
      <line num="127" count="41" type="cond" truecount="4" falsecount="0"/>
      <line num="129" count="25" type="stmt"/>
      <line num="130" count="25" type="stmt"/>
      <line num="131" count="25" type="stmt"/>
      <line num="132" count="25" type="stmt"/>
      <line num="134" count="25" type="stmt"/>
      <line num="135" count="18864" type="stmt"/>
      <line num="136" count="18864" type="cond" truecount="6" falsecount="0"/>
      <line num="137" count="9089" type="stmt"/>
      <line num="138" count="9775" type="cond" truecount="6" falsecount="0"/>
      <line num="139" count="3580" type="stmt"/>
      <line num="140" count="6195" type="cond" truecount="4" falsecount="0"/>
      <line num="141" count="3108" type="stmt"/>
      <line num="143" count="3087" type="stmt"/>
      <line num="147" count="25" type="stmt"/>
      <line num="148" count="25" type="stmt"/>
      <line num="149" count="25" type="stmt"/>
      <line num="150" count="25" type="stmt"/>
      <line num="159" count="25" type="stmt"/>
      <line num="162" count="25" type="stmt"/>
      <line num="165" count="25" type="stmt"/>
      <line num="168" count="25" type="stmt"/>
      <line num="170" count="25" type="stmt"/>
      <line num="181" count="53" type="cond" truecount="4" falsecount="0"/>
      <line num="182" count="12" type="stmt"/>
      <line num="187" count="41" type="cond" truecount="1" falsecount="1"/>
      <line num="189" count="0" type="cond" truecount="0" falsecount="2"/>
      <line num="190" count="41" type="cond" truecount="2" falsecount="0"/>
      <line num="191" count="39" type="stmt"/>
      <line num="193" count="2" type="stmt"/>
      <line num="196" count="41" type="stmt"/>
      <line num="199" count="41" type="stmt"/>
      <line num="202" count="41" type="stmt"/>
      <line num="204" count="41" type="stmt"/>
      <line num="206" count="41" type="stmt"/>
      <line num="217" count="19" type="cond" truecount="1" falsecount="1"/>
      <line num="218" count="0" type="stmt"/>
      <line num="221" count="19" type="stmt"/>
      <line num="222" count="19" type="stmt"/>
      <line num="229" count="14" type="stmt"/>
      <line num="230" count="14" type="stmt"/>
      <line num="231" count="14" type="stmt"/>
      <line num="232" count="14" type="stmt"/>
      <line num="239" count="14" type="stmt"/>
      <line num="246" count="14" type="cond" truecount="2" falsecount="0"/>
      <line num="247" count="3" type="cond" truecount="2" falsecount="0"/>
      <line num="248" count="2" type="cond" truecount="2" falsecount="0"/>
      <line num="249" count="1" type="stmt"/>
      <line num="264" count="12" type="cond" truecount="2" falsecount="0"/>
      <line num="268" count="12" type="cond" truecount="4" falsecount="0"/>
      <line num="270" count="14" type="stmt"/>
      <line num="275" count="12" type="cond" truecount="2" falsecount="0"/>
      <line num="279" count="12" type="cond" truecount="4" falsecount="0"/>
      <line num="281" count="14" type="stmt"/>
      <line num="286" count="12" type="cond" truecount="4" falsecount="0"/>
      <line num="288" count="1" type="stmt"/>
      <line num="293" count="12" type="cond" truecount="4" falsecount="0"/>
      <line num="295" count="1" type="stmt"/>
      <line num="300" count="12" type="cond" truecount="2" falsecount="0"/>
      <line num="304" count="12" type="stmt"/>
      <line num="314" count="12" type="stmt"/>
      <line num="330" count="10" type="stmt"/>
      <line num="331" count="10" type="stmt"/>
      <line num="332" count="10" type="stmt"/>
      <line num="333" count="10" type="stmt"/>
      <line num="335" count="10" type="stmt"/>
      <line num="349" count="47" type="stmt"/>
      <line num="360" count="114" type="stmt"/>
      <line num="362" count="114" type="stmt"/>
      <line num="363" count="30" type="cond" truecount="1" falsecount="1"/>
      <line num="367" count="30" type="stmt"/>
    </file>
    <file name="extension.ts" path="/home/jan/GroepOnline/Context-UI/src/extension.ts">
      <metrics statements="60" coveredstatements="44" conditionals="33" coveredconditionals="16" methods="10" coveredmethods="7"/>
      <line num="19" count="4" type="stmt"/>
      <line num="20" count="4" type="stmt"/>
      <line num="21" count="4" type="stmt"/>
      <line num="22" count="4" type="stmt"/>
      <line num="24" count="4" type="stmt"/>
      <line num="30" count="4" type="stmt"/>
      <line num="31" count="4" type="stmt"/>
      <line num="32" count="4" type="stmt"/>
      <line num="39" count="3" type="stmt"/>
      <line num="42" count="3" type="stmt"/>
      <line num="43" count="3" type="stmt"/>
      <line num="44" count="3" type="cond" truecount="1" falsecount="1"/>
      <line num="45" count="3" type="stmt"/>
      <line num="52" count="3" type="stmt"/>
      <line num="53" count="9" type="stmt"/>
      <line num="56" count="3" type="stmt"/>
      <line num="63" count="0" type="stmt"/>
      <line num="64" count="0" type="stmt"/>
      <line num="71" count="7" type="stmt"/>
      <line num="72" count="7" type="stmt"/>
      <line num="73" count="7" type="stmt"/>
      <line num="74" count="7" type="stmt"/>
      <line num="77" count="7" type="stmt"/>
      <line num="80" count="7" type="stmt"/>
      <line num="82" count="0" type="stmt"/>
      <line num="83" count="0" type="stmt"/>
      <line num="84" count="0" type="stmt"/>
      <line num="92" count="7" type="cond" truecount="4" falsecount="0"/>
      <line num="93" count="1" type="stmt"/>
      <line num="96" count="6" type="stmt"/>
      <line num="98" count="6" type="cond" truecount="5" falsecount="1"/>
      <line num="100" count="2" type="stmt"/>
      <line num="102" count="1" type="stmt"/>
      <line num="104" count="1" type="stmt"/>
      <line num="106" count="1" type="stmt"/>
      <line num="108" count="0" type="stmt"/>
      <line num="110" count="1" type="stmt"/>
      <line num="122" count="7" type="stmt"/>
      <line num="123" count="7" type="cond" truecount="3" falsecount="1"/>
      <line num="124" count="7" type="stmt"/>
      <line num="125" count="7" type="stmt"/>
      <line num="128" count="0" type="stmt"/>
      <line num="133" count="7" type="stmt"/>
      <line num="136" count="7" type="stmt"/>
      <line num="138" count="12" type="stmt"/>
      <line num="147" count="7" type="stmt"/>
      <line num="150" count="7" type="stmt"/>
      <line num="153" count="7" type="stmt"/>
      <line num="155" count="7" type="stmt"/>
      <line num="171" count="7" type="cond" truecount="1" falsecount="4"/>
      <line num="173" count="7" type="stmt"/>
      <line num="180" count="0" type="stmt"/>
      <line num="187" count="0" type="cond" truecount="0" falsecount="2"/>
      <line num="188" count="0" type="stmt"/>
      <line num="194" count="0" type="stmt"/>
      <line num="201" count="0" type="stmt"/>
      <line num="208" count="0" type="stmt"/>
      <line num="225" count="0" type="cond" truecount="0" falsecount="2"/>
      <line num="228" count="0" type="stmt"/>
      <line num="229" count="0" type="stmt"/>
    </file>
    <file name="piAdapter.ts" path="/home/jan/GroepOnline/Context-UI/src/piAdapter.ts">
      <metrics statements="54" coveredstatements="21" conditionals="55" coveredconditionals="18" methods="17" coveredmethods="11"/>
      <line num="24" count="4" type="stmt"/>
      <line num="25" count="4" type="stmt"/>
      <line num="28" count="9" type="stmt"/>
      <line num="29" count="9" type="stmt"/>
      <line num="33" count="7" type="stmt"/>
      <line num="37" count="4" type="cond" truecount="2" falsecount="0"/>
      <line num="41" count="10" type="stmt"/>
      <line num="45" count="0" type="stmt"/>
      <line num="50" count="7" type="stmt"/>
      <line num="51" count="7" type="cond" truecount="1" falsecount="1"/>
      <line num="52" count="7" type="stmt"/>
      <line num="57" count="1" type="stmt"/>
      <line num="73" count="1" type="cond" truecount="2" falsecount="0"/>
      <line num="77" count="1" type="stmt"/>
      <line num="79" count="1" type="cond" truecount="0" falsecount="2"/>
      <line num="80" count="0" type="stmt"/>
      <line num="81" count="0" type="cond" truecount="0" falsecount="2"/>
      <line num="82" count="0" type="stmt"/>
      <line num="83" count="0" type="cond" truecount="0" falsecount="2"/>
      <line num="84" count="0" type="stmt"/>
      <line num="86" count="0" type="stmt"/>
      <line num="94" count="0" type="stmt"/>
      <line num="95" count="0" type="cond" truecount="0" falsecount="2"/>
      <line num="96" count="0" type="stmt"/>
      <line num="98" count="0" type="cond" truecount="0" falsecount="2"/>
      <line num="99" count="0" type="stmt"/>
      <line num="101" count="0" type="cond" truecount="0" falsecount="2"/>
      <line num="102" count="0" type="stmt"/>
      <line num="104" count="0" type="stmt"/>
      <line num="108" count="0" type="stmt"/>
      <line num="109" count="0" type="cond" truecount="0" falsecount="2"/>
      <line num="110" count="0" type="stmt"/>
      <line num="112" count="0" type="cond" truecount="0" falsecount="2"/>
      <line num="113" count="0" type="stmt"/>
      <line num="115" count="0" type="cond" truecount="0" falsecount="2"/>
      <line num="119" count="0" type="cond" truecount="0" falsecount="4"/>
      <line num="120" count="0" type="stmt"/>
      <line num="122" count="0" type="stmt"/>
      <line num="127" count="0" type="cond" truecount="0" falsecount="4"/>
      <line num="128" count="0" type="stmt"/>
      <line num="130" count="0" type="stmt"/>
      <line num="135" count="1" type="cond" truecount="1" falsecount="1"/>
      <line num="136" count="1" type="stmt"/>
      <line num="147" count="0" type="stmt"/>
      <line num="148" count="0" type="cond" truecount="0" falsecount="2"/>
      <line num="149" count="0" type="stmt"/>
      <line num="151" count="0" type="stmt"/>
      <line num="163" count="17" type="cond" truecount="2" falsecount="0"/>
      <line num="164" count="17" type="cond" truecount="1" falsecount="1"/>
      <line num="165" count="17" type="stmt"/>
      <line num="166" count="14" type="cond" truecount="1" falsecount="1"/>
      <line num="167" count="0" type="cond" truecount="0" falsecount="5"/>
      <line num="168" count="0" type="stmt"/>
      <line num="172" count="17" type="stmt"/>
    </file>
    <file name="terminalRenderer.ts" path="/home/jan/GroepOnline/Context-UI/src/terminalRenderer.ts">
      <metrics statements="190" coveredstatements="159" conditionals="60" coveredconditionals="38" methods="29" coveredmethods="28"/>
      <line num="16" count="2" type="stmt"/>
      <line num="17" count="2" type="stmt"/>
      <line num="18" count="2" type="stmt"/>
      <line num="19" count="2" type="stmt"/>
      <line num="20" count="2" type="stmt"/>
      <line num="21" count="2" type="stmt"/>
      <line num="22" count="2" type="stmt"/>
      <line num="23" count="2" type="stmt"/>
      <line num="24" count="2" type="stmt"/>
      <line num="25" count="2" type="stmt"/>
      <line num="26" count="2" type="stmt"/>
      <line num="29" count="7" type="stmt"/>
      <line num="35" count="7" type="stmt"/>
      <line num="44" count="10" type="cond" truecount="3" falsecount="0"/>
      <line num="45" count="10" type="stmt"/>
      <line num="52" count="10" type="cond" truecount="5" falsecount="1"/>
      <line num="54" count="3" type="stmt"/>
      <line num="56" count="2" type="stmt"/>
      <line num="58" count="1" type="stmt"/>
      <line num="60" count="1" type="stmt"/>
      <line num="62" count="0" type="stmt"/>
      <line num="64" count="3" type="stmt"/>
      <line num="73" count="6" type="stmt"/>
      <line num="74" count="6" type="stmt"/>
      <line num="75" count="6" type="stmt"/>
      <line num="76" count="6" type="stmt"/>
      <line num="77" count="6" type="stmt"/>
      <line num="79" count="6" type="stmt"/>
      <line num="80" count="6" type="stmt"/>
      <line num="81" count="6" type="stmt"/>
      <line num="82" count="6" type="stmt"/>
      <line num="83" count="6" type="stmt"/>
      <line num="84" count="6" type="stmt"/>
      <line num="85" count="6" type="stmt"/>
      <line num="86" count="6" type="stmt"/>
      <line num="88" count="6" type="stmt"/>
      <line num="96" count="3" type="stmt"/>
      <line num="98" count="3" type="stmt"/>
      <line num="100" count="3" type="cond" truecount="1" falsecount="1"/>
      <line num="101" count="3" type="stmt"/>
      <line num="104" count="3" type="stmt"/>
      <line num="106" count="3" type="cond" truecount="1" falsecount="1"/>
      <line num="107" count="5" type="stmt"/>
      <line num="108" count="3" type="stmt"/>
      <line num="111" count="3" type="cond" truecount="2" falsecount="0"/>
      <line num="112" count="1" type="stmt"/>
      <line num="113" count="1" type="stmt"/>
      <line num="116" count="3" type="cond" truecount="2" falsecount="0"/>
      <line num="117" count="1" type="stmt"/>
      <line num="120" count="3" type="stmt"/>
      <line num="121" count="3" type="stmt"/>
      <line num="129" count="3" type="stmt"/>
      <line num="130" count="3" type="stmt"/>
      <line num="132" count="3" type="stmt"/>
      <line num="133" count="3" type="stmt"/>
      <line num="134" count="3" type="stmt"/>
      <line num="135" count="3" type="stmt"/>
      <line num="143" count="3" type="stmt"/>
      <line num="151" count="2" type="stmt"/>
      <line num="152" count="2" type="stmt"/>
      <line num="154" count="2" type="stmt"/>
      <line num="156" count="2" type="stmt"/>
      <line num="167" count="20" type="stmt"/>
      <line num="169" count="2" type="stmt"/>
      <line num="170" count="14" type="cond" truecount="1" falsecount="1"/>
      <line num="171" count="14" type="stmt"/>
      <line num="172" count="14" type="stmt"/>
      <line num="175" count="2" type="stmt"/>
      <line num="176" count="2" type="stmt"/>
      <line num="179" count="2" type="stmt"/>
      <line num="182" count="2" type="stmt"/>
      <line num="183" count="2" type="stmt"/>
      <line num="191" count="1" type="stmt"/>
      <line num="193" count="1" type="stmt"/>
      <line num="195" count="1" type="cond" truecount="1" falsecount="1"/>
      <line num="196" count="0" type="stmt"/>
      <line num="198" count="1" type="stmt"/>
      <line num="199" count="2" type="cond" truecount="1" falsecount="1"/>
      <line num="202" count="2" type="stmt"/>
      <line num="206" count="1" type="cond" truecount="1" falsecount="1"/>
      <line num="207" count="0" type="stmt"/>
      <line num="208" count="0" type="stmt"/>
      <line num="209" count="0" type="stmt"/>
      <line num="210" count="0" type="stmt"/>
      <line num="214" count="1" type="stmt"/>
      <line num="215" count="1" type="stmt"/>
      <line num="223" count="1" type="stmt"/>
      <line num="224" count="1" type="stmt"/>
      <line num="225" count="1" type="stmt"/>
      <line num="227" count="1" type="stmt"/>
      <line num="229" count="1" type="cond" truecount="1" falsecount="1"/>
      <line num="230" count="1" type="stmt"/>
      <line num="231" count="1" type="stmt"/>
      <line num="234" count="1" type="stmt"/>
      <line num="235" count="1" type="stmt"/>
      <line num="237" count="1" type="cond" truecount="1" falsecount="1"/>
      <line num="238" count="1" type="stmt"/>
      <line num="239" count="1" type="stmt"/>
      <line num="240" count="1" type="stmt"/>
      <line num="241" count="2" type="stmt"/>
      <line num="245" count="1" type="cond" truecount="1" falsecount="1"/>
      <line num="246" count="1" type="stmt"/>
      <line num="247" count="1" type="stmt"/>
      <line num="248" count="1" type="stmt"/>
      <line num="249" count="2" type="stmt"/>
      <line num="253" count="1" type="cond" truecount="1" falsecount="1"/>
      <line num="254" count="0" type="stmt"/>
      <line num="255" count="0" type="stmt"/>
      <line num="256" count="0" type="stmt"/>
      <line num="257" count="0" type="stmt"/>
      <line num="261" count="1" type="cond" truecount="2" falsecount="2"/>
      <line num="262" count="0" type="stmt"/>
      <line num="263" count="0" type="stmt"/>
      <line num="264" count="0" type="stmt"/>
      <line num="265" count="0" type="stmt"/>
      <line num="269" count="1" type="stmt"/>
      <line num="270" count="1" type="stmt"/>
      <line num="271" count="1" type="stmt"/>
      <line num="273" count="1" type="stmt"/>
      <line num="281" count="0" type="stmt"/>
      <line num="283" count="0" type="stmt"/>
      <line num="290" count="0" type="stmt"/>
      <line num="292" count="0" type="stmt"/>
      <line num="293" count="0" type="stmt"/>
      <line num="294" count="0" type="stmt"/>
      <line num="295" count="0" type="stmt"/>
      <line num="296" count="0" type="stmt"/>
      <line num="297" count="0" type="stmt"/>
      <line num="298" count="0" type="stmt"/>
      <line num="299" count="0" type="stmt"/>
      <line num="300" count="0" type="stmt"/>
      <line num="301" count="0" type="stmt"/>
      <line num="303" count="0" type="stmt"/>
      <line num="311" count="3" type="stmt"/>
      <line num="318" count="3" type="stmt"/>
      <line num="326" count="16" type="stmt"/>
      <line num="327" count="16" type="stmt"/>
      <line num="328" count="16" type="stmt"/>
      <line num="332" count="16" type="stmt"/>
      <line num="336" count="5" type="stmt"/>
      <line num="340" count="79" type="stmt"/>
      <line num="341" count="79" type="stmt"/>
      <line num="342" count="79" type="stmt"/>
      <line num="343" count="79" type="stmt"/>
      <line num="344" count="79" type="stmt"/>
      <line num="345" count="79" type="stmt"/>
      <line num="356" count="6" type="stmt"/>
      <line num="357" count="6" type="stmt"/>
      <line num="358" count="6" type="stmt"/>
      <line num="359" count="6" type="stmt"/>
      <line num="362" count="6" type="cond" truecount="1" falsecount="1"/>
      <line num="363" count="0" type="cond" truecount="0" falsecount="2"/>
      <line num="364" count="0" type="cond" truecount="0" falsecount="2"/>
      <line num="365" count="0" type="stmt"/>
      <line num="367" count="6" type="stmt"/>
      <line num="374" count="14" type="cond" truecount="1" falsecount="1"/>
      <line num="375" count="14" type="stmt"/>
      <line num="376" count="14" type="stmt"/>
      <line num="377" count="14" type="stmt"/>
      <line num="378" count="14" type="stmt"/>
      <line num="385" count="1" type="stmt"/>
      <line num="392" count="6" type="stmt"/>
      <line num="398" count="6" type="stmt"/>
      <line num="405" count="3" type="stmt"/>
      <line num="412" count="3" type="cond" truecount="1" falsecount="1"/>
      <line num="420" count="45" type="cond" truecount="2" falsecount="0"/>
      <line num="421" count="18" type="stmt"/>
      <line num="423" count="27" type="stmt"/>
      <line num="427" count="7" type="cond" truecount="1" falsecount="1"/>
      <line num="428" count="7" type="stmt"/>
      <line num="432" count="158" type="stmt"/>
      <line num="436" count="158" type="stmt"/>
      <line num="440" count="79" type="cond" truecount="2" falsecount="0"/>
      <line num="442" count="5" type="stmt"/>
      <line num="443" count="5" type="stmt"/>
      <line num="444" count="5" type="stmt"/>
      <line num="445" count="5" type="stmt"/>
      <line num="447" count="5" type="stmt"/>
      <line num="448" count="384" type="stmt"/>
      <line num="450" count="384" type="cond" truecount="2" falsecount="0"/>
      <line num="451" count="4" type="stmt"/>
      <line num="452" count="4" type="cond" truecount="1" falsecount="1"/>
      <line num="453" count="4" type="stmt"/>
      <line num="454" count="4" type="stmt"/>
      <line num="455" count="4" type="stmt"/>
      <line num="459" count="380" type="cond" truecount="2" falsecount="0"/>
      <line num="460" count="375" type="stmt"/>
      <line num="461" count="375" type="stmt"/>
      <line num="463" count="5" type="stmt"/>
      <line num="467" count="5" type="stmt"/>
    </file>
    <file name="types.ts" path="/home/jan/GroepOnline/Context-UI/src/types.ts">
      <metrics statements="0" coveredstatements="0" conditionals="0" coveredconditionals="0" methods="0" coveredmethods="0"/>
    </file>
    <file name="workingSetAnalyzer.ts" path="/home/jan/GroepOnline/Context-UI/src/workingSetAnalyzer.ts">
      <metrics statements="79" coveredstatements="52" conditionals="69" coveredconditionals="32" methods="16" coveredmethods="13"/>
      <line num="26" count="7" type="cond" truecount="2" falsecount="0"/>
      <line num="27" count="7" type="stmt"/>
      <line num="28" count="7" type="stmt"/>
      <line num="29" count="7" type="stmt"/>
      <line num="36" count="10" type="stmt"/>
      <line num="37" count="10" type="stmt"/>
      <line num="38" count="10" type="stmt"/>
      <line num="39" count="10" type="stmt"/>
      <line num="41" count="10" type="stmt"/>
      <line num="55" count="10" type="cond" truecount="4" falsecount="0"/>
      <line num="56" count="3" type="stmt"/>
      <line num="59" count="7" type="stmt"/>
      <line num="62" count="7" type="stmt"/>
      <line num="63" count="14" type="cond" truecount="1" falsecount="1"/>
      <line num="65" count="14" type="cond" truecount="1" falsecount="1"/>
      <line num="67" count="0" type="stmt"/>
      <line num="68" count="0" type="stmt"/>
      <line num="70" count="14" type="stmt"/>
      <line num="79" count="7" type="stmt"/>
      <line num="80" count="7" type="cond" truecount="2" falsecount="2"/>
      <line num="88" count="10" type="cond" truecount="4" falsecount="0"/>
      <line num="89" count="3" type="stmt"/>
      <line num="92" count="7" type="stmt"/>
      <line num="94" count="14" type="stmt"/>
      <line num="95" count="14" type="stmt"/>
      <line num="100" count="7" type="cond" truecount="2" falsecount="2"/>
      <line num="108" count="10" type="stmt"/>
      <line num="111" count="10" type="cond" truecount="1" falsecount="1"/>
      <line num="112" count="10" type="stmt"/>
      <line num="113" count="0" type="stmt"/>
      <line num="114" count="0" type="cond" truecount="0" falsecount="2"/>
      <line num="115" count="0" type="stmt"/>
      <line num="123" count="10" type="stmt"/>
      <line num="134" count="10" type="stmt"/>
      <line num="137" count="10" type="stmt"/>
      <line num="138" count="14" type="cond" truecount="2" falsecount="2"/>
      <line num="139" count="0" type="stmt"/>
      <line num="144" count="10" type="stmt"/>
      <line num="145" count="14" type="cond" truecount="2" falsecount="2"/>
      <line num="146" count="0" type="stmt"/>
      <line num="151" count="10" type="cond" truecount="3" falsecount="1"/>
      <line num="152" count="10" type="stmt"/>
      <line num="153" count="0" type="stmt"/>
      <line num="154" count="0" type="stmt"/>
      <line num="155" count="0" type="cond" truecount="0" falsecount="2"/>
      <line num="156" count="0" type="stmt"/>
      <line num="161" count="10" type="stmt"/>
      <line num="169" count="10" type="stmt"/>
      <line num="170" count="10" type="stmt"/>
      <line num="172" count="10" type="cond" truecount="1" falsecount="1"/>
      <line num="173" count="10" type="stmt"/>
      <line num="174" count="0" type="stmt"/>
      <line num="176" count="0" type="stmt"/>
      <line num="177" count="0" type="stmt"/>
      <line num="182" count="10" type="cond" truecount="1" falsecount="1"/>
      <line num="190" count="14" type="stmt"/>
      <line num="191" count="14" type="stmt"/>
      <line num="194" count="14" type="cond" truecount="1" falsecount="1"/>
      <line num="195" count="14" type="stmt"/>
      <line num="204" count="14" type="cond" truecount="1" falsecount="1"/>
      <line num="205" count="14" type="stmt"/>
      <line num="206" count="14" type="stmt"/>
      <line num="213" count="14" type="stmt"/>
      <line num="221" count="14" type="stmt"/>
      <line num="222" count="14" type="cond" truecount="1" falsecount="1"/>
      <line num="223" count="14" type="stmt"/>
      <line num="225" count="0" type="stmt"/>
      <line num="232" count="0" type="cond" truecount="0" falsecount="4"/>
      <line num="234" count="0" type="stmt"/>
      <line num="237" count="0" type="cond" truecount="0" falsecount="2"/>
      <line num="238" count="0" type="cond" truecount="0" falsecount="4"/>
      <line num="239" count="0" type="stmt"/>
      <line num="241" count="0" type="cond" truecount="0" falsecount="2"/>
      <line num="243" count="0" type="stmt"/>
      <line num="250" count="0" type="cond" truecount="0" falsecount="2"/>
      <line num="251" count="0" type="stmt"/>
      <line num="258" count="0" type="stmt"/>
      <line num="259" count="0" type="cond" truecount="0" falsecount="2"/>
      <line num="260" count="0" type="stmt"/>
    </file>
  </project>
</coverage>
