{"/home/jan/GroepOnline/Context-UI/src/contextEstimator.ts": {"path":"/home/jan/GroepOnline/Context-UI/src/contextEstimator.ts","statementMap":{"0":{"start":{"line":22,"column":61},"end":{"line":34,"column":null}},"1":{"start":{"line":36,"column":24},"end":{"line":39,"column":null}},"2":{"start":{"line":51,"column":4},"end":{"line":51,"column":null}},"3":{"start":{"line":52,"column":4},"end":{"line":52,"column":null}},"4":{"start":{"line":53,"column":4},"end":{"line":53,"column":null}},"5":{"start":{"line":60,"column":16},"end":{"line":60,"column":null}},"6":{"start":{"line":62,"column":4},"end":{"line":62,"column":null}},"7":{"start":{"line":62,"column":34},"end":{"line":62,"column":null}},"8":{"start":{"line":63,"column":4},"end":{"line":63,"column":null}},"9":{"start":{"line":63,"column":25},"end":{"line":63,"column":null}},"10":{"start":{"line":64,"column":4},"end":{"line":64,"column":null}},"11":{"start":{"line":64,"column":64},"end":{"line":64,"column":null}},"12":{"start":{"line":65,"column":4},"end":{"line":65,"column":null}},"13":{"start":{"line":65,"column":24},"end":{"line":65,"column":null}},"14":{"start":{"line":66,"column":4},"end":{"line":66,"column":null}},"15":{"start":{"line":66,"column":45},"end":{"line":66,"column":null}},"16":{"start":{"line":68,"column":4},"end":{"line":68,"column":null}},"17":{"start":{"line":75,"column":4},"end":{"line":75,"column":null}},"18":{"start":{"line":75,"column":35},"end":{"line":75,"column":null}},"19":{"start":{"line":77,"column":22},"end":{"line":77,"column":null}},"20":{"start":{"line":80,"column":4},"end":{"line":82,"column":null}},"21":{"start":{"line":81,"column":6},"end":{"line":81,"column":null}},"22":{"start":{"line":85,"column":4},"end":{"line":87,"column":null}},"23":{"start":{"line":86,"column":6},"end":{"line":86,"column":null}},"24":{"start":{"line":90,"column":4},"end":{"line":92,"column":null}},"25":{"start":{"line":91,"column":6},"end":{"line":91,"column":null}},"26":{"start":{"line":95,"column":4},"end":{"line":97,"column":null}},"27":{"start":{"line":96,"column":6},"end":{"line":96,"column":null}},"28":{"start":{"line":100,"column":4},"end":{"line":102,"column":null}},"29":{"start":{"line":101,"column":6},"end":{"line":101,"column":null}},"30":{"start":{"line":105,"column":4},"end":{"line":107,"column":null}},"31":{"start":{"line":106,"column":6},"end":{"line":106,"column":null}},"32":{"start":{"line":109,"column":4},"end":{"line":109,"column":null}},"33":{"start":{"line":116,"column":4},"end":{"line":116,"column":null}},"34":{"start":{"line":127,"column":4},"end":{"line":127,"column":null}},"35":{"start":{"line":127,"column":35},"end":{"line":127,"column":null}},"36":{"start":{"line":129,"column":18},"end":{"line":129,"column":null}},"37":{"start":{"line":130,"column":21},"end":{"line":130,"column":null}},"38":{"start":{"line":131,"column":17},"end":{"line":131,"column":null}},"39":{"start":{"line":132,"column":18},"end":{"line":132,"column":null}},"40":{"start":{"line":134,"column":4},"end":{"line":145,"column":null}},"41":{"start":{"line":135,"column":19},"end":{"line":135,"column":null}},"42":{"start":{"line":136,"column":6},"end":{"line":144,"column":null}},"43":{"start":{"line":137,"column":8},"end":{"line":137,"column":null}},"44":{"start":{"line":138,"column":13},"end":{"line":144,"column":null}},"45":{"start":{"line":139,"column":8},"end":{"line":139,"column":null}},"46":{"start":{"line":140,"column":13},"end":{"line":144,"column":null}},"47":{"start":{"line":141,"column":8},"end":{"line":141,"column":null}},"48":{"start":{"line":143,"column":8},"end":{"line":143,"column":null}},"49":{"start":{"line":147,"column":18},"end":{"line":147,"column":null}},"50":{"start":{"line":148,"column":24},"end":{"line":148,"column":null}},"51":{"start":{"line":149,"column":28},"end":{"line":149,"column":null}},"52":{"start":{"line":150,"column":24},"end":{"line":150,"column":null}},"53":{"start":{"line":159,"column":18},"end":{"line":159,"column":null}},"54":{"start":{"line":162,"column":4},"end":{"line":162,"column":null}},"55":{"start":{"line":165,"column":4},"end":{"line":165,"column":null}},"56":{"start":{"line":168,"column":4},"end":{"line":168,"column":null}},"57":{"start":{"line":170,"column":4},"end":{"line":170,"column":null}},"58":{"start":{"line":181,"column":4},"end":{"line":183,"column":null}},"59":{"start":{"line":182,"column":6},"end":{"line":182,"column":null}},"60":{"start":{"line":187,"column":4},"end":{"line":194,"column":null}},"61":{"start":{"line":189,"column":6},"end":{"line":189,"column":null}},"62":{"start":{"line":190,"column":11},"end":{"line":194,"column":null}},"63":{"start":{"line":191,"column":6},"end":{"line":191,"column":null}},"64":{"start":{"line":193,"column":6},"end":{"line":193,"column":null}},"65":{"start":{"line":196,"column":18},"end":{"line":196,"column":null}},"66":{"start":{"line":199,"column":20},"end":{"line":199,"column":null}},"67":{"start":{"line":202,"column":26},"end":{"line":202,"column":null}},"68":{"start":{"line":204,"column":19},"end":{"line":204,"column":null}},"69":{"start":{"line":206,"column":4},"end":{"line":210,"column":null}},"70":{"start":{"line":217,"column":4},"end":{"line":219,"column":null}},"71":{"start":{"line":218,"column":6},"end":{"line":218,"column":null}},"72":{"start":{"line":221,"column":17},"end":{"line":221,"column":null}},"73":{"start":{"line":222,"column":4},"end":{"line":222,"column":null}},"74":{"start":{"line":229,"column":24},"end":{"line":229,"column":null}},"75":{"start":{"line":230,"column":21},"end":{"line":230,"column":null}},"76":{"start":{"line":231,"column":4},"end":{"line":231,"column":null}},"77":{"start":{"line":232,"column":4},"end":{"line":232,"column":null}},"78":{"start":{"line":239,"column":4},"end":{"line":239,"column":null}},"79":{"start":{"line":246,"column":4},"end":{"line":246,"column":null}},"80":{"start":{"line":246,"column":29},"end":{"line":246,"column":null}},"81":{"start":{"line":247,"column":4},"end":{"line":247,"column":null}},"82":{"start":{"line":247,"column":29},"end":{"line":247,"column":null}},"83":{"start":{"line":248,"column":4},"end":{"line":248,"column":null}},"84":{"start":{"line":248,"column":29},"end":{"line":248,"column":null}},"85":{"start":{"line":249,"column":4},"end":{"line":249,"column":null}},"86":{"start":{"line":264,"column":24},"end":{"line":266,"column":null}},"87":{"start":{"line":268,"column":21},"end":{"line":273,"column":null}},"88":{"start":{"line":270,"column":29},"end":{"line":270,"column":69}},"89":{"start":{"line":275,"column":21},"end":{"line":277,"column":null}},"90":{"start":{"line":279,"column":24},"end":{"line":284,"column":null}},"91":{"start":{"line":281,"column":34},"end":{"line":281,"column":63}},"92":{"start":{"line":286,"column":21},"end":{"line":291,"column":null}},"93":{"start":{"line":288,"column":25},"end":{"line":288,"column":57}},"94":{"start":{"line":293,"column":20},"end":{"line":298,"column":null}},"95":{"start":{"line":295,"column":24},"end":{"line":295,"column":61}},"96":{"start":{"line":300,"column":22},"end":{"line":302,"column":null}},"97":{"start":{"line":304,"column":18},"end":{"line":312,"column":null}},"98":{"start":{"line":314,"column":4},"end":{"line":323,"column":null}},"99":{"start":{"line":330,"column":17},"end":{"line":330,"column":null}},"100":{"start":{"line":331,"column":22},"end":{"line":331,"column":null}},"101":{"start":{"line":332,"column":28},"end":{"line":332,"column":null}},"102":{"start":{"line":333,"column":17},"end":{"line":333,"column":null}},"103":{"start":{"line":335,"column":4},"end":{"line":342,"column":null}},"104":{"start":{"line":349,"column":4},"end":{"line":353,"column":null}},"105":{"start":{"line":360,"column":18},"end":{"line":360,"column":null}},"106":{"start":{"line":360,"column":49},"end":{"line":360,"column":66}},"107":{"start":{"line":362,"column":18},"end":{"line":362,"column":null}},"108":{"start":{"line":362,"column":45},"end":{"line":362,"column":51}},"109":{"start":{"line":363,"column":28},"end":{"line":365,"column":null}},"110":{"start":{"line":367,"column":4},"end":{"line":371,"column":null}}},"fnMap":{"0":{"name":"(anonymous_0)","decl":{"start":{"line":46,"column":2},"end":{"line":46,"column":null}},"loc":{"start":{"line":50,"column":4},"end":{"line":54,"column":null}},"line":50},"1":{"name":"(anonymous_1)","decl":{"start":{"line":59,"column":2},"end":{"line":59,"column":25}},"loc":{"start":{"line":59,"column":56},"end":{"line":69,"column":null}},"line":59},"2":{"name":"(anonymous_2)","decl":{"start":{"line":74,"column":2},"end":{"line":74,"column":20}},"loc":{"start":{"line":74,"column":47},"end":{"line":110,"column":null}},"line":74},"3":{"name":"(anonymous_3)","decl":{"start":{"line":115,"column":2},"end":{"line":115,"column":19}},"loc":{"start":{"line":115,"column":53},"end":{"line":117,"column":null}},"line":115},"4":{"name":"(anonymous_4)","decl":{"start":{"line":126,"column":2},"end":{"line":126,"column":26}},"loc":{"start":{"line":126,"column":48},"end":{"line":171,"column":null}},"line":126},"5":{"name":"(anonymous_5)","decl":{"start":{"line":177,"column":2},"end":{"line":177,"column":null}},"loc":{"start":{"line":180,"column":19},"end":{"line":211,"column":null}},"line":180},"6":{"name":"(anonymous_6)","decl":{"start":{"line":216,"column":2},"end":{"line":216,"column":21}},"loc":{"start":{"line":216,"column":89},"end":{"line":223,"column":null}},"line":216},"7":{"name":"(anonymous_7)","decl":{"start":{"line":228,"column":2},"end":{"line":228,"column":19}},"loc":{"start":{"line":228,"column":69},"end":{"line":233,"column":null}},"line":228},"8":{"name":"(anonymous_8)","decl":{"start":{"line":238,"column":2},"end":{"line":238,"column":24}},"loc":{"start":{"line":238,"column":55},"end":{"line":240,"column":null}},"line":238},"9":{"name":"(anonymous_9)","decl":{"start":{"line":245,"column":2},"end":{"line":245,"column":16}},"loc":{"start":{"line":245,"column":51},"end":{"line":250,"column":null}},"line":245},"10":{"name":"(anonymous_10)","decl":{"start":{"line":255,"column":2},"end":{"line":255,"column":null}},"loc":{"start":{"line":263,"column":22},"end":{"line":324,"column":null}},"line":263},"11":{"name":"(anonymous_11)","decl":{"start":{"line":270,"column":20},"end":{"line":270,"column":24}},"loc":{"start":{"line":270,"column":29},"end":{"line":270,"column":69}},"line":270},"12":{"name":"(anonymous_12)","decl":{"start":{"line":281,"column":25},"end":{"line":281,"column":29}},"loc":{"start":{"line":281,"column":34},"end":{"line":281,"column":63}},"line":281},"13":{"name":"(anonymous_13)","decl":{"start":{"line":288,"column":16},"end":{"line":288,"column":20}},"loc":{"start":{"line":288,"column":25},"end":{"line":288,"column":57}},"line":288},"14":{"name":"(anonymous_14)","decl":{"start":{"line":295,"column":15},"end":{"line":295,"column":19}},"loc":{"start":{"line":295,"column":24},"end":{"line":295,"column":61}},"line":295},"15":{"name":"(anonymous_15)","decl":{"start":{"line":329,"column":2},"end":{"line":329,"column":14}},"loc":{"start":{"line":329,"column":58},"end":{"line":343,"column":null}},"line":329},"16":{"name":"(anonymous_16)","decl":{"start":{"line":348,"column":2},"end":{"line":348,"column":10}},"loc":{"start":{"line":348,"column":61},"end":{"line":354,"column":null}},"line":348},"17":{"name":"(anonymous_17)","decl":{"start":{"line":359,"column":2},"end":{"line":359,"column":10}},"loc":{"start":{"line":359,"column":82},"end":{"line":372,"column":null}},"line":359},"18":{"name":"(anonymous_18)","decl":{"start":{"line":360,"column":28},"end":{"line":360,"column":36}},"loc":{"start":{"line":360,"column":49},"end":{"line":360,"column":66}},"line":360},"19":{"name":"(anonymous_19)","decl":{"start":{"line":362,"column":36},"end":{"line":362,"column":40}},"loc":{"start":{"line":362,"column":45},"end":{"line":362,"column":51}},"line":362}},"branchMap":{"0":{"loc":{"start":{"line":47,"column":4},"end":{"line":47,"column":null}},"type":"default-arg","locations":[{"start":{"line":47,"column":24},"end":{"line":47,"column":null}}],"line":47},"1":{"loc":{"start":{"line":48,"column":4},"end":{"line":48,"column":null}},"type":"default-arg","locations":[{"start":{"line":48,"column":27},"end":{"line":48,"column":null}}],"line":48},"2":{"loc":{"start":{"line":49,"column":4},"end":{"line":49,"column":null}},"type":"default-arg","locations":[{"start":{"line":49,"column":28},"end":{"line":49,"column":null}}],"line":49},"3":{"loc":{"start":{"line":62,"column":4},"end":{"line":62,"column":null}},"type":"if","locations":[{"start":{"line":62,"column":4},"end":{"line":62,"column":null}},{"start":{},"end":{}}],"line":62},"4":{"loc":{"start":{"line":63,"column":4},"end":{"line":63,"column":null}},"type":"if","locations":[{"start":{"line":63,"column":4},"end":{"line":63,"column":null}},{"start":{},"end":{}}],"line":63},"5":{"loc":{"start":{"line":64,"column":4},"end":{"line":64,"column":null}},"type":"if","locations":[{"start":{"line":64,"column":4},"end":{"line":64,"column":null}},{"start":{},"end":{}}],"line":64},"6":{"loc":{"start":{"line":64,"column":8},"end":{"line":64,"column":64}},"type":"binary-expr","locations":[{"start":{"line":64,"column":8},"end":{"line":64,"column":25}},{"start":{"line":64,"column":25},"end":{"line":64,"column":43}},{"start":{"line":64,"column":43},"end":{"line":64,"column":64}}],"line":64},"7":{"loc":{"start":{"line":65,"column":4},"end":{"line":65,"column":null}},"type":"if","locations":[{"start":{"line":65,"column":4},"end":{"line":65,"column":null}},{"start":{},"end":{}}],"line":65},"8":{"loc":{"start":{"line":66,"column":4},"end":{"line":66,"column":null}},"type":"if","locations":[{"start":{"line":66,"column":4},"end":{"line":66,"column":null}},{"start":{},"end":{}}],"line":66},"9":{"loc":{"start":{"line":66,"column":8},"end":{"line":66,"column":45}},"type":"binary-expr","locations":[{"start":{"line":66,"column":8},"end":{"line":66,"column":27}},{"start":{"line":66,"column":27},"end":{"line":66,"column":45}}],"line":66},"10":{"loc":{"start":{"line":75,"column":4},"end":{"line":75,"column":null}},"type":"if","locations":[{"start":{"line":75,"column":4},"end":{"line":75,"column":null}},{"start":{},"end":{}}],"line":75},"11":{"loc":{"start":{"line":75,"column":8},"end":{"line":75,"column":35}},"type":"binary-expr","locations":[{"start":{"line":75,"column":8},"end":{"line":75,"column":17}},{"start":{"line":75,"column":17},"end":{"line":75,"column":35}}],"line":75},"12":{"loc":{"start":{"line":80,"column":4},"end":{"line":82,"column":null}},"type":"if","locations":[{"start":{"line":80,"column":4},"end":{"line":82,"column":null}},{"start":{},"end":{}}],"line":80},"13":{"loc":{"start":{"line":85,"column":4},"end":{"line":87,"column":null}},"type":"if","locations":[{"start":{"line":85,"column":4},"end":{"line":87,"column":null}},{"start":{},"end":{}}],"line":85},"14":{"loc":{"start":{"line":85,"column":8},"end":{"line":85,"column":97}},"type":"binary-expr","locations":[{"start":{"line":85,"column":8},"end":{"line":85,"column":42}},{"start":{"line":85,"column":42},"end":{"line":85,"column":69}},{"start":{"line":85,"column":69},"end":{"line":85,"column":97}}],"line":85},"15":{"loc":{"start":{"line":90,"column":4},"end":{"line":92,"column":null}},"type":"if","locations":[{"start":{"line":90,"column":4},"end":{"line":92,"column":null}},{"start":{},"end":{}}],"line":90},"16":{"loc":{"start":{"line":90,"column":8},"end":{"line":90,"column":64}},"type":"binary-expr","locations":[{"start":{"line":90,"column":8},"end":{"line":90,"column":37}},{"start":{"line":90,"column":37},"end":{"line":90,"column":64}}],"line":90},"17":{"loc":{"start":{"line":95,"column":4},"end":{"line":97,"column":null}},"type":"if","locations":[{"start":{"line":95,"column":4},"end":{"line":97,"column":null}},{"start":{},"end":{}}],"line":95},"18":{"loc":{"start":{"line":100,"column":4},"end":{"line":102,"column":null}},"type":"if","locations":[{"start":{"line":100,"column":4},"end":{"line":102,"column":null}},{"start":{},"end":{}}],"line":100},"19":{"loc":{"start":{"line":100,"column":8},"end":{"line":100,"column":69}},"type":"binary-expr","locations":[{"start":{"line":100,"column":8},"end":{"line":100,"column":48}},{"start":{"line":100,"column":48},"end":{"line":100,"column":69}}],"line":100},"20":{"loc":{"start":{"line":105,"column":4},"end":{"line":107,"column":null}},"type":"if","locations":[{"start":{"line":105,"column":4},"end":{"line":107,"column":null}},{"start":{},"end":{}}],"line":105},"21":{"loc":{"start":{"line":116,"column":11},"end":{"line":116,"column":null}},"type":"binary-expr","locations":[{"start":{"line":116,"column":11},"end":{"line":116,"column":51}},{"start":{"line":116,"column":51},"end":{"line":116,"column":null}}],"line":116},"22":{"loc":{"start":{"line":127,"column":4},"end":{"line":127,"column":null}},"type":"if","locations":[{"start":{"line":127,"column":4},"end":{"line":127,"column":null}},{"start":{},"end":{}}],"line":127},"23":{"loc":{"start":{"line":127,"column":8},"end":{"line":127,"column":35}},"type":"binary-expr","locations":[{"start":{"line":127,"column":8},"end":{"line":127,"column":17}},{"start":{"line":127,"column":17},"end":{"line":127,"column":35}}],"line":127},"24":{"loc":{"start":{"line":136,"column":6},"end":{"line":144,"column":null}},"type":"if","locations":[{"start":{"line":136,"column":6},"end":{"line":144,"column":null}},{"start":{"line":138,"column":13},"end":{"line":144,"column":null}}],"line":136},"25":{"loc":{"start":{"line":136,"column":11},"end":{"line":136,"column":69}},"type":"binary-expr","locations":[{"start":{"line":136,"column":11},"end":{"line":136,"column":25}},{"start":{"line":136,"column":25},"end":{"line":136,"column":41}},{"start":{"line":136,"column":41},"end":{"line":136,"column":55}},{"start":{"line":136,"column":55},"end":{"line":136,"column":69}}],"line":136},"26":{"loc":{"start":{"line":138,"column":13},"end":{"line":144,"column":null}},"type":"if","locations":[{"start":{"line":138,"column":13},"end":{"line":144,"column":null}},{"start":{"line":140,"column":13},"end":{"line":144,"column":null}}],"line":138},"27":{"loc":{"start":{"line":138,"column":17},"end":{"line":138,"column":74}},"type":"binary-expr","locations":[{"start":{"line":138,"column":17},"end":{"line":138,"column":32}},{"start":{"line":138,"column":32},"end":{"line":138,"column":46}},{"start":{"line":138,"column":46},"end":{"line":138,"column":61}},{"start":{"line":138,"column":61},"end":{"line":138,"column":74}}],"line":138},"28":{"loc":{"start":{"line":140,"column":13},"end":{"line":144,"column":null}},"type":"if","locations":[{"start":{"line":140,"column":13},"end":{"line":144,"column":null}},{"start":{"line":142,"column":13},"end":{"line":144,"column":null}}],"line":140},"29":{"loc":{"start":{"line":140,"column":17},"end":{"line":140,"column":43}},"type":"binary-expr","locations":[{"start":{"line":140,"column":17},"end":{"line":140,"column":31}},{"start":{"line":140,"column":31},"end":{"line":140,"column":43}}],"line":140},"30":{"loc":{"start":{"line":181,"column":4},"end":{"line":183,"column":null}},"type":"if","locations":[{"start":{"line":181,"column":4},"end":{"line":183,"column":null}},{"start":{},"end":{}}],"line":181},"31":{"loc":{"start":{"line":181,"column":8},"end":{"line":181,"column":36}},"type":"binary-expr","locations":[{"start":{"line":181,"column":8},"end":{"line":181,"column":17}},{"start":{"line":181,"column":17},"end":{"line":181,"column":36}}],"line":181},"32":{"loc":{"start":{"line":187,"column":4},"end":{"line":194,"column":null}},"type":"if","locations":[{"start":{"line":187,"column":4},"end":{"line":194,"column":null}},{"start":{"line":190,"column":11},"end":{"line":194,"column":null}}],"line":187},"33":{"loc":{"start":{"line":189,"column":20},"end":{"line":189,"column":null}},"type":"cond-expr","locations":[{"start":{"line":189,"column":42},"end":{"line":189,"column":51}},{"start":{"line":189,"column":51},"end":{"line":189,"column":null}}],"line":189},"34":{"loc":{"start":{"line":190,"column":11},"end":{"line":194,"column":null}},"type":"if","locations":[{"start":{"line":190,"column":11},"end":{"line":194,"column":null}},{"start":{"line":192,"column":11},"end":{"line":194,"column":null}}],"line":190},"35":{"loc":{"start":{"line":216,"column":35},"end":{"line":216,"column":89}},"type":"default-arg","locations":[{"start":{"line":216,"column":62},"end":{"line":216,"column":89}}],"line":216},"36":{"loc":{"start":{"line":217,"column":4},"end":{"line":219,"column":null}},"type":"if","locations":[{"start":{"line":217,"column":4},"end":{"line":219,"column":null}},{"start":{},"end":{}}],"line":217},"37":{"loc":{"start":{"line":246,"column":4},"end":{"line":246,"column":null}},"type":"if","locations":[{"start":{"line":246,"column":4},"end":{"line":246,"column":null}},{"start":{},"end":{}}],"line":246},"38":{"loc":{"start":{"line":247,"column":4},"end":{"line":247,"column":null}},"type":"if","locations":[{"start":{"line":247,"column":4},"end":{"line":247,"column":null}},{"start":{},"end":{}}],"line":247},"39":{"loc":{"start":{"line":248,"column":4},"end":{"line":248,"column":null}},"type":"if","locations":[{"start":{"line":248,"column":4},"end":{"line":248,"column":null}},{"start":{},"end":{}}],"line":248},"40":{"loc":{"start":{"line":264,"column":24},"end":{"line":266,"column":null}},"type":"cond-expr","locations":[{"start":{"line":265,"column":8},"end":{"line":265,"column":null}},{"start":{"line":266,"column":8},"end":{"line":266,"column":null}}],"line":264},"41":{"loc":{"start":{"line":268,"column":21},"end":{"line":273,"column":null}},"type":"cond-expr","locations":[{"start":{"line":269,"column":8},"end":{"line":272,"column":null}},{"start":{"line":273,"column":8},"end":{"line":273,"column":null}}],"line":268},"42":{"loc":{"start":{"line":268,"column":21},"end":{"line":268,"column":null}},"type":"binary-expr","locations":[{"start":{"line":268,"column":21},"end":{"line":268,"column":34}},{"start":{"line":268,"column":34},"end":{"line":268,"column":null}}],"line":268},"43":{"loc":{"start":{"line":275,"column":21},"end":{"line":277,"column":null}},"type":"cond-expr","locations":[{"start":{"line":276,"column":8},"end":{"line":276,"column":null}},{"start":{"line":277,"column":8},"end":{"line":277,"column":null}}],"line":275},"44":{"loc":{"start":{"line":279,"column":24},"end":{"line":284,"column":null}},"type":"cond-expr","locations":[{"start":{"line":280,"column":8},"end":{"line":283,"column":null}},{"start":{"line":284,"column":8},"end":{"line":284,"column":null}}],"line":279},"45":{"loc":{"start":{"line":279,"column":24},"end":{"line":279,"column":null}},"type":"binary-expr","locations":[{"start":{"line":279,"column":24},"end":{"line":279,"column":42}},{"start":{"line":279,"column":42},"end":{"line":279,"column":null}}],"line":279},"46":{"loc":{"start":{"line":286,"column":21},"end":{"line":291,"column":null}},"type":"cond-expr","locations":[{"start":{"line":287,"column":8},"end":{"line":290,"column":null}},{"start":{"line":291,"column":8},"end":{"line":291,"column":null}}],"line":286},"47":{"loc":{"start":{"line":286,"column":21},"end":{"line":286,"column":null}},"type":"binary-expr","locations":[{"start":{"line":286,"column":21},"end":{"line":286,"column":30}},{"start":{"line":286,"column":30},"end":{"line":286,"column":null}}],"line":286},"48":{"loc":{"start":{"line":293,"column":20},"end":{"line":298,"column":null}},"type":"cond-expr","locations":[{"start":{"line":294,"column":8},"end":{"line":297,"column":null}},{"start":{"line":298,"column":8},"end":{"line":298,"column":null}}],"line":293},"49":{"loc":{"start":{"line":293,"column":20},"end":{"line":293,"column":null}},"type":"binary-expr","locations":[{"start":{"line":293,"column":20},"end":{"line":293,"column":28}},{"start":{"line":293,"column":28},"end":{"line":293,"column":null}}],"line":293},"50":{"loc":{"start":{"line":300,"column":22},"end":{"line":302,"column":null}},"type":"cond-expr","locations":[{"start":{"line":301,"column":8},"end":{"line":301,"column":null}},{"start":{"line":302,"column":8},"end":{"line":302,"column":null}}],"line":300},"51":{"loc":{"start":{"line":363,"column":28},"end":{"line":365,"column":null}},"type":"cond-expr","locations":[{"start":{"line":363,"column":53},"end":{"line":363,"column":null}},{"start":{"line":364,"column":8},"end":{"line":365,"column":null}}],"line":363},"52":{"loc":{"start":{"line":364,"column":8},"end":{"line":365,"column":null}},"type":"cond-expr","locations":[{"start":{"line":364,"column":35},"end":{"line":364,"column":null}},{"start":{"line":365,"column":8},"end":{"line":365,"column":null}}],"line":364}},"s":{"0":4,"1":4,"2":16,"3":16,"4":16,"5":32,"6":32,"7":29,"8":3,"9":1,"10":2,"11":1,"12":1,"13":1,"14":0,"15":0,"16":0,"17":2,"18":2,"19":0,"20":0,"21":0,"22":0,"23":0,"24":0,"25":0,"26":0,"27":0,"28":0,"29":0,"30":0,"31":0,"32":0,"33":55,"34":41,"35":16,"36":25,"37":25,"38":25,"39":25,"40":25,"41":18864,"42":18864,"43":9089,"44":9775,"45":3580,"46":6195,"47":3108,"48":3087,"49":25,"50":25,"51":25,"52":25,"53":25,"54":25,"55":25,"56":25,"57":25,"58":53,"59":12,"60":41,"61":0,"62":41,"63":39,"64":2,"65":41,"66":41,"67":41,"68":41,"69":41,"70":19,"71":0,"72":19,"73":19,"74":14,"75":14,"76":14,"77":14,"78":14,"79":14,"80":11,"81":3,"82":1,"83":2,"84":2,"85":1,"86":12,"87":12,"88":14,"89":12,"90":12,"91":14,"92":12,"93":1,"94":12,"95":1,"96":12,"97":12,"98":12,"99":10,"100":10,"101":10,"102":10,"103":10,"104":47,"105":30,"106":114,"107":30,"108":114,"109":30,"110":30},"f":{"0":16,"1":32,"2":2,"3":55,"4":41,"5":53,"6":19,"7":14,"8":14,"9":14,"10":12,"11":14,"12":14,"13":1,"14":1,"15":10,"16":47,"17":30,"18":114,"19":114},"b":{"0":[16],"1":[16],"2":[16],"3":[29,3],"4":[1,2],"5":[1,1],"6":[2,1,1],"7":[1,0],"8":[0,0],"9":[0,0],"10":[2,0],"11":[2,2],"12":[0,0],"13":[0,0],"14":[0,0,0],"15":[0,0],"16":[0,0],"17":[0,0],"18":[0,0],"19":[0,0],"20":[0,0],"21":[55,0],"22":[16,25],"23":[41,41],"24":[9089,9775],"25":[18864,9501,18822,9053],"26":[3580,6195],"27":[9775,7108,7108,6195],"28":[3108,3087],"29":[6195,4533],"30":[12,41],"31":[53,41],"32":[0,41],"33":[0,0],"34":[39,2],"35":[19],"36":[0,19],"37":[11,3],"38":[1,2],"39":[1,1],"40":[9,3],"41":[8,4],"42":[12,9],"43":[9,3],"44":[8,4],"45":[12,9],"46":[1,11],"47":[12,1],"48":[1,11],"49":[12,1],"50":[1,11],"51":[30,0],"52":[0,0]},"meta":{"lastBranch":53,"lastFunction":20,"lastStatement":111,"seen":{"s:22:61:34:Infinity":0,"s:36:24:39:Infinity":1,"f:46:2:46:Infinity":0,"b:47:24:47:Infinity":0,"b:48:27:48:Infinity":1,"b:49:28:49:Infinity":2,"s:51:4:51:Infinity":2,"s:52:4:52:Infinity":3,"s:53:4:53:Infinity":4,"f:59:2:59:25":1,"s:60:16:60:Infinity":5,"b:62:4:62:Infinity:undefined:undefined:undefined:undefined":3,"s:62:4:62:Infinity":6,"s:62:34:62:Infinity":7,"b:63:4:63:Infinity:undefined:undefined:undefined:undefined":4,"s:63:4:63:Infinity":8,"s:63:25:63:Infinity":9,"b:64:4:64:Infinity:undefined:undefined:undefined:undefined":5,"s:64:4:64:Infinity":10,"b:64:8:64:25:64:25:64:43:64:43:64:64":6,"s:64:64:64:Infinity":11,"b:65:4:65:Infinity:undefined:undefined:undefined:undefined":7,"s:65:4:65:Infinity":12,"s:65:24:65:Infinity":13,"b:66:4:66:Infinity:undefined:undefined:undefined:undefined":8,"s:66:4:66:Infinity":14,"b:66:8:66:27:66:27:66:45":9,"s:66:45:66:Infinity":15,"s:68:4:68:Infinity":16,"f:74:2:74:20":2,"b:75:4:75:Infinity:undefined:undefined:undefined:undefined":10,"s:75:4:75:Infinity":17,"b:75:8:75:17:75:17:75:35":11,"s:75:35:75:Infinity":18,"s:77:22:77:Infinity":19,"b:80:4:82:Infinity:undefined:undefined:undefined:undefined":12,"s:80:4:82:Infinity":20,"s:81:6:81:Infinity":21,"b:85:4:87:Infinity:undefined:undefined:undefined:undefined":13,"s:85:4:87:Infinity":22,"b:85:8:85:42:85:42:85:69:85:69:85:97":14,"s:86:6:86:Infinity":23,"b:90:4:92:Infinity:undefined:undefined:undefined:undefined":15,"s:90:4:92:Infinity":24,"b:90:8:90:37:90:37:90:64":16,"s:91:6:91:Infinity":25,"b:95:4:97:Infinity:undefined:undefined:undefined:undefined":17,"s:95:4:97:Infinity":26,"s:96:6:96:Infinity":27,"b:100:4:102:Infinity:undefined:undefined:undefined:undefined":18,"s:100:4:102:Infinity":28,"b:100:8:100:48:100:48:100:69":19,"s:101:6:101:Infinity":29,"b:105:4:107:Infinity:undefined:undefined:undefined:undefined":20,"s:105:4:107:Infinity":30,"s:106:6:106:Infinity":31,"s:109:4:109:Infinity":32,"f:115:2:115:19":3,"s:116:4:116:Infinity":33,"b:116:11:116:51:116:51:116:Infinity":21,"f:126:2:126:26":4,"b:127:4:127:Infinity:undefined:undefined:undefined:undefined":22,"s:127:4:127:Infinity":34,"b:127:8:127:17:127:17:127:35":23,"s:127:35:127:Infinity":35,"s:129:18:129:Infinity":36,"s:130:21:130:Infinity":37,"s:131:17:131:Infinity":38,"s:132:18:132:Infinity":39,"s:134:4:145:Infinity":40,"s:135:19:135:Infinity":41,"b:136:6:144:Infinity:138:13:144:Infinity":24,"s:136:6:144:Infinity":42,"b:136:11:136:25:136:25:136:41:136:41:136:55:136:55:136:69":25,"s:137:8:137:Infinity":43,"b:138:13:144:Infinity:140:13:144:Infinity":26,"s:138:13:144:Infinity":44,"b:138:17:138:32:138:32:138:46:138:46:138:61:138:61:138:74":27,"s:139:8:139:Infinity":45,"b:140:13:144:Infinity:142:13:144:Infinity":28,"s:140:13:144:Infinity":46,"b:140:17:140:31:140:31:140:43":29,"s:141:8:141:Infinity":47,"s:143:8:143:Infinity":48,"s:147:18:147:Infinity":49,"s:148:24:148:Infinity":50,"s:149:28:149:Infinity":51,"s:150:24:150:Infinity":52,"s:159:18:159:Infinity":53,"s:162:4:162:Infinity":54,"s:165:4:165:Infinity":55,"s:168:4:168:Infinity":56,"s:170:4:170:Infinity":57,"f:177:2:177:Infinity":5,"b:181:4:183:Infinity:undefined:undefined:undefined:undefined":30,"s:181:4:183:Infinity":58,"b:181:8:181:17:181:17:181:36":31,"s:182:6:182:Infinity":59,"b:187:4:194:Infinity:190:11:194:Infinity":32,"s:187:4:194:Infinity":60,"s:189:6:189:Infinity":61,"b:189:42:189:51:189:51:189:Infinity":33,"b:190:11:194:Infinity:192:11:194:Infinity":34,"s:190:11:194:Infinity":62,"s:191:6:191:Infinity":63,"s:193:6:193:Infinity":64,"s:196:18:196:Infinity":65,"s:199:20:199:Infinity":66,"s:202:26:202:Infinity":67,"s:204:19:204:Infinity":68,"s:206:4:210:Infinity":69,"f:216:2:216:21":6,"b:216:62:216:89":35,"b:217:4:219:Infinity:undefined:undefined:undefined:undefined":36,"s:217:4:219:Infinity":70,"s:218:6:218:Infinity":71,"s:221:17:221:Infinity":72,"s:222:4:222:Infinity":73,"f:228:2:228:19":7,"s:229:24:229:Infinity":74,"s:230:21:230:Infinity":75,"s:231:4:231:Infinity":76,"s:232:4:232:Infinity":77,"f:238:2:238:24":8,"s:239:4:239:Infinity":78,"f:245:2:245:16":9,"b:246:4:246:Infinity:undefined:undefined:undefined:undefined":37,"s:246:4:246:Infinity":79,"s:246:29:246:Infinity":80,"b:247:4:247:Infinity:undefined:undefined:undefined:undefined":38,"s:247:4:247:Infinity":81,"s:247:29:247:Infinity":82,"b:248:4:248:Infinity:undefined:undefined:undefined:undefined":39,"s:248:4:248:Infinity":83,"s:248:29:248:Infinity":84,"s:249:4:249:Infinity":85,"f:255:2:255:Infinity":10,"s:264:24:266:Infinity":86,"b:265:8:265:Infinity:266:8:266:Infinity":40,"s:268:21:273:Infinity":87,"b:269:8:272:Infinity:273:8:273:Infinity":41,"b:268:21:268:34:268:34:268:Infinity":42,"f:270:20:270:24":11,"s:270:29:270:69":88,"s:275:21:277:Infinity":89,"b:276:8:276:Infinity:277:8:277:Infinity":43,"s:279:24:284:Infinity":90,"b:280:8:283:Infinity:284:8:284:Infinity":44,"b:279:24:279:42:279:42:279:Infinity":45,"f:281:25:281:29":12,"s:281:34:281:63":91,"s:286:21:291:Infinity":92,"b:287:8:290:Infinity:291:8:291:Infinity":46,"b:286:21:286:30:286:30:286:Infinity":47,"f:288:16:288:20":13,"s:288:25:288:57":93,"s:293:20:298:Infinity":94,"b:294:8:297:Infinity:298:8:298:Infinity":48,"b:293:20:293:28:293:28:293:Infinity":49,"f:295:15:295:19":14,"s:295:24:295:61":95,"s:300:22:302:Infinity":96,"b:301:8:301:Infinity:302:8:302:Infinity":50,"s:304:18:312:Infinity":97,"s:314:4:323:Infinity":98,"f:329:2:329:14":15,"s:330:17:330:Infinity":99,"s:331:22:331:Infinity":100,"s:332:28:332:Infinity":101,"s:333:17:333:Infinity":102,"s:335:4:342:Infinity":103,"f:348:2:348:10":16,"s:349:4:353:Infinity":104,"f:359:2:359:10":17,"s:360:18:360:Infinity":105,"f:360:28:360:36":18,"s:360:49:360:66":106,"s:362:18:362:Infinity":107,"f:362:36:362:40":19,"s:362:45:362:51":108,"s:363:28:365:Infinity":109,"b:363:53:363:Infinity:364:8:365:Infinity":51,"b:364:35:364:Infinity:365:8:365:Infinity":52,"s:367:4:371:Infinity":110}}}
,"/home/jan/GroepOnline/Context-UI/src/extension.ts": {"path":"/home/jan/GroepOnline/Context-UI/src/extension.ts","statementMap":{"0":{"start":{"line":19,"column":9},"end":{"line":19,"column":null}},"1":{"start":{"line":20,"column":12},"end":{"line":20,"column":null}},"2":{"start":{"line":21,"column":16},"end":{"line":21,"column":null}},"3":{"start":{"line":22,"column":13},"end":{"line":22,"column":null}},"4":{"start":{"line":24,"column":39},"end":{"line":24,"column":null}},"5":{"start":{"line":30,"column":4},"end":{"line":30,"column":null}},"6":{"start":{"line":31,"column":4},"end":{"line":31,"column":null}},"7":{"start":{"line":32,"column":4},"end":{"line":32,"column":null}},"8":{"start":{"line":39,"column":4},"end":{"line":39,"column":null}},"9":{"start":{"line":42,"column":4},"end":{"line":49,"column":null}},"10":{"start":{"line":43,"column":20},"end":{"line":43,"column":null}},"11":{"start":{"line":44,"column":6},"end":{"line":46,"column":null}},"12":{"start":{"line":45,"column":8},"end":{"line":45,"column":null}},"13":{"start":{"line":52,"column":4},"end":{"line":54,"column":null}},"14":{"start":{"line":53,"column":6},"end":{"line":53,"column":null}},"15":{"start":{"line":56,"column":4},"end":{"line":56,"column":null}},"16":{"start":{"line":63,"column":4},"end":{"line":63,"column":null}},"17":{"start":{"line":64,"column":4},"end":{"line":64,"column":null}},"18":{"start":{"line":71,"column":4},"end":{"line":85,"column":null}},"19":{"start":{"line":72,"column":19},"end":{"line":72,"column":null}},"20":{"start":{"line":73,"column":21},"end":{"line":73,"column":null}},"21":{"start":{"line":74,"column":21},"end":{"line":74,"column":null}},"22":{"start":{"line":77,"column":6},"end":{"line":77,"column":null}},"23":{"start":{"line":80,"column":6},"end":{"line":80,"column":null}},"24":{"start":{"line":82,"column":23},"end":{"line":82,"column":null}},"25":{"start":{"line":83,"column":6},"end":{"line":83,"column":null}},"26":{"start":{"line":84,"column":6},"end":{"line":84,"column":null}},"27":{"start":{"line":92,"column":4},"end":{"line":94,"column":null}},"28":{"start":{"line":93,"column":6},"end":{"line":93,"column":null}},"29":{"start":{"line":96,"column":17},"end":{"line":96,"column":null}},"30":{"start":{"line":98,"column":4},"end":{"line":111,"column":null}},"31":{"start":{"line":100,"column":8},"end":{"line":100,"column":null}},"32":{"start":{"line":102,"column":8},"end":{"line":102,"column":null}},"33":{"start":{"line":104,"column":8},"end":{"line":104,"column":null}},"34":{"start":{"line":106,"column":8},"end":{"line":106,"column":null}},"35":{"start":{"line":108,"column":8},"end":{"line":108,"column":null}},"36":{"start":{"line":110,"column":8},"end":{"line":110,"column":null}},"37":{"start":{"line":122,"column":27},"end":{"line":122,"column":null}},"38":{"start":{"line":123,"column":4},"end":{"line":130,"column":null}},"39":{"start":{"line":124,"column":6},"end":{"line":129,"column":null}},"40":{"start":{"line":125,"column":8},"end":{"line":125,"column":null}},"41":{"start":{"line":128,"column":8},"end":{"line":128,"column":null}},"42":{"start":{"line":133,"column":10},"end":{"line":133,"column":null}},"43":{"start":{"line":136,"column":22},"end":{"line":144,"column":null}},"44":{"start":{"line":138,"column":46},"end":{"line":141,"column":8}},"45":{"start":{"line":147,"column":19},"end":{"line":147,"column":null}},"46":{"start":{"line":150,"column":23},"end":{"line":150,"column":null}},"47":{"start":{"line":153,"column":27},"end":{"line":153,"column":null}},"48":{"start":{"line":155,"column":4},"end":{"line":161,"column":null}},"49":{"start":{"line":171,"column":4},"end":{"line":213,"column":null}},"50":{"start":{"line":173,"column":8},"end":{"line":177,"column":null}},"51":{"start":{"line":180,"column":8},"end":{"line":184,"column":null}},"52":{"start":{"line":187,"column":8},"end":{"line":193,"column":null}},"53":{"start":{"line":188,"column":10},"end":{"line":192,"column":null}},"54":{"start":{"line":194,"column":8},"end":{"line":198,"column":null}},"55":{"start":{"line":201,"column":8},"end":{"line":205,"column":null}},"56":{"start":{"line":208,"column":8},"end":{"line":212,"column":null}},"57":{"start":{"line":225,"column":16},"end":{"line":227,"column":null}},"58":{"start":{"line":228,"column":20},"end":{"line":228,"column":null}},"59":{"start":{"line":229,"column":2},"end":{"line":229,"column":null}}},"fnMap":{"0":{"name":"(anonymous_0)","decl":{"start":{"line":29,"column":2},"end":{"line":29,"column":14}},"loc":{"start":{"line":29,"column":38},"end":{"line":33,"column":null}},"line":29},"1":{"name":"(anonymous_1)","decl":{"start":{"line":38,"column":8},"end":{"line":38,"column":17}},"loc":{"start":{"line":38,"column":53},"end":{"line":57,"column":null}},"line":38},"2":{"name":"(anonymous_2)","decl":{"start":{"line":62,"column":2},"end":{"line":62,"column":21}},"loc":{"start":{"line":62,"column":21},"end":{"line":65,"column":null}},"line":62},"3":{"name":"(anonymous_3)","decl":{"start":{"line":70,"column":16},"end":{"line":70,"column":30}},"loc":{"start":{"line":70,"column":68},"end":{"line":86,"column":null}},"line":70},"4":{"name":"(anonymous_4)","decl":{"start":{"line":91,"column":2},"end":{"line":91,"column":10}},"loc":{"start":{"line":91,"column":49},"end":{"line":112,"column":null}},"line":91},"5":{"name":"(anonymous_5)","decl":{"start":{"line":117,"column":16},"end":{"line":117,"column":null}},"loc":{"start":{"line":120,"column":28},"end":{"line":162,"column":null}},"line":120},"6":{"name":"(anonymous_6)","decl":{"start":{"line":138,"column":29},"end":{"line":138,"column":34}},"loc":{"start":{"line":138,"column":46},"end":{"line":141,"column":8}},"line":138},"7":{"name":"(anonymous_7)","decl":{"start":{"line":167,"column":2},"end":{"line":167,"column":10}},"loc":{"start":{"line":170,"column":20},"end":{"line":214,"column":null}},"line":170},"8":{"name":"activate","decl":{"start":{"line":223,"column":16},"end":{"line":223,"column":25}},"loc":{"start":{"line":223,"column":61},"end":{"line":230,"column":null}},"line":223},"9":{"name":"deactivate","decl":{"start":{"line":235,"column":16},"end":{"line":235,"column":35}},"loc":{"start":{"line":235,"column":35},"end":{"line":237,"column":null}},"line":235}},"branchMap":{"0":{"loc":{"start":{"line":44,"column":6},"end":{"line":46,"column":null}},"type":"if","locations":[{"start":{"line":44,"column":6},"end":{"line":46,"column":null}},{"start":{},"end":{}}],"line":44},"1":{"loc":{"start":{"line":92,"column":4},"end":{"line":94,"column":null}},"type":"if","locations":[{"start":{"line":92,"column":4},"end":{"line":94,"column":null}},{"start":{},"end":{}}],"line":92},"2":{"loc":{"start":{"line":92,"column":8},"end":{"line":92,"column":39}},"type":"binary-expr","locations":[{"start":{"line":92,"column":8},"end":{"line":92,"column":29}},{"start":{"line":92,"column":29},"end":{"line":92,"column":39}}],"line":92},"3":{"loc":{"start":{"line":98,"column":4},"end":{"line":111,"column":null}},"type":"switch","locations":[{"start":{"line":99,"column":6},"end":{"line":100,"column":null}},{"start":{"line":101,"column":6},"end":{"line":102,"column":null}},{"start":{"line":103,"column":6},"end":{"line":104,"column":null}},{"start":{"line":105,"column":6},"end":{"line":106,"column":null}},{"start":{"line":107,"column":6},"end":{"line":108,"column":null}},{"start":{"line":109,"column":6},"end":{"line":110,"column":null}}],"line":98},"4":{"loc":{"start":{"line":123,"column":4},"end":{"line":130,"column":null}},"type":"if","locations":[{"start":{"line":123,"column":4},"end":{"line":130,"column":null}},{"start":{},"end":{}}],"line":123},"5":{"loc":{"start":{"line":123,"column":8},"end":{"line":123,"column":67}},"type":"binary-expr","locations":[{"start":{"line":123,"column":8},"end":{"line":123,"column":20}},{"start":{"line":123,"column":20},"end":{"line":123,"column":67}}],"line":123},"6":{"loc":{"start":{"line":139,"column":14},"end":{"line":139,"column":null}},"type":"cond-expr","locations":[{"start":{"line":139,"column":38},"end":{"line":139,"column":42}},{"start":{"line":139,"column":42},"end":{"line":139,"column":null}}],"line":139},"7":{"loc":{"start":{"line":140,"column":17},"end":{"line":140,"column":null}},"type":"cond-expr","locations":[{"start":{"line":140,"column":41},"end":{"line":140,"column":46}},{"start":{"line":140,"column":46},"end":{"line":140,"column":null}}],"line":140},"8":{"loc":{"start":{"line":140,"column":46},"end":{"line":140,"column":null}},"type":"binary-expr","locations":[{"start":{"line":140,"column":46},"end":{"line":140,"column":59}},{"start":{"line":140,"column":59},"end":{"line":140,"column":null}}],"line":140},"9":{"loc":{"start":{"line":171,"column":4},"end":{"line":213,"column":null}},"type":"switch","locations":[{"start":{"line":172,"column":6},"end":{"line":177,"column":null}},{"start":{"line":179,"column":6},"end":{"line":184,"column":null}},{"start":{"line":186,"column":6},"end":{"line":198,"column":null}},{"start":{"line":200,"column":6},"end":{"line":205,"column":null}},{"start":{"line":207,"column":6},"end":{"line":212,"column":null}}],"line":171},"10":{"loc":{"start":{"line":187,"column":8},"end":{"line":193,"column":null}},"type":"if","locations":[{"start":{"line":187,"column":8},"end":{"line":193,"column":null}},{"start":{},"end":{}}],"line":187},"11":{"loc":{"start":{"line":225,"column":16},"end":{"line":227,"column":null}},"type":"cond-expr","locations":[{"start":{"line":226,"column":6},"end":{"line":226,"column":null}},{"start":{"line":227,"column":6},"end":{"line":227,"column":null}}],"line":225},"12":{"loc":{"start":{"line":227,"column":6},"end":{"line":227,"column":null}},"type":"binary-expr","locations":[{"start":{"line":227,"column":6},"end":{"line":227,"column":33}},{"start":{"line":227,"column":33},"end":{"line":227,"column":null}}],"line":227}},"s":{"0":4,"1":4,"2":4,"3":4,"4":4,"5":4,"6":4,"7":4,"8":3,"9":3,"10":3,"11":3,"12":3,"13":3,"14":9,"15":3,"16":0,"17":0,"18":7,"19":7,"20":7,"21":7,"22":7,"23":7,"24":0,"25":0,"26":0,"27":7,"28":1,"29":6,"30":6,"31":2,"32":1,"33":1,"34":1,"35":0,"36":1,"37":7,"38":7,"39":7,"40":7,"41":0,"42":7,"43":7,"44":12,"45":7,"46":7,"47":7,"48":7,"49":7,"50":7,"51":0,"52":0,"53":0,"54":0,"55":0,"56":0,"57":0,"58":0,"59":0},"f":{"0":4,"1":3,"2":0,"3":7,"4":7,"5":7,"6":12,"7":7,"8":0,"9":0},"b":{"0":[3,0],"1":[1,6],"2":[7,6],"3":[2,1,1,1,0,1],"4":[7,0],"5":[7,7],"6":[12,0],"7":[12,0],"8":[0,0],"9":[7,0,0,0,0],"10":[0,0],"11":[0,0],"12":[0,0]},"meta":{"lastBranch":13,"lastFunction":10,"lastStatement":60,"seen":{"s:19:9:19:Infinity":0,"s:20:12:20:Infinity":1,"s:21:16:21:Infinity":2,"s:22:13:22:Infinity":3,"s:24:39:24:Infinity":4,"f:29:2:29:14":0,"s:30:4:30:Infinity":5,"s:31:4:31:Infinity":6,"s:32:4:32:Infinity":7,"f:38:8:38:17":1,"s:39:4:39:Infinity":8,"s:42:4:49:Infinity":9,"s:43:20:43:Infinity":10,"b:44:6:46:Infinity:undefined:undefined:undefined:undefined":0,"s:44:6:46:Infinity":11,"s:45:8:45:Infinity":12,"s:52:4:54:Infinity":13,"s:53:6:53:Infinity":14,"s:56:4:56:Infinity":15,"f:62:2:62:21":2,"s:63:4:63:Infinity":16,"s:64:4:64:Infinity":17,"f:70:16:70:30":3,"s:71:4:85:Infinity":18,"s:72:19:72:Infinity":19,"s:73:21:73:Infinity":20,"s:74:21:74:Infinity":21,"s:77:6:77:Infinity":22,"s:80:6:80:Infinity":23,"s:82:23:82:Infinity":24,"s:83:6:83:Infinity":25,"s:84:6:84:Infinity":26,"f:91:2:91:10":4,"b:92:4:94:Infinity:undefined:undefined:undefined:undefined":1,"s:92:4:94:Infinity":27,"b:92:8:92:29:92:29:92:39":2,"s:93:6:93:Infinity":28,"s:96:17:96:Infinity":29,"b:99:6:100:Infinity:101:6:102:Infinity:103:6:104:Infinity:105:6:106:Infinity:107:6:108:Infinity:109:6:110:Infinity":3,"s:98:4:111:Infinity":30,"s:100:8:100:Infinity":31,"s:102:8:102:Infinity":32,"s:104:8:104:Infinity":33,"s:106:8:106:Infinity":34,"s:108:8:108:Infinity":35,"s:110:8:110:Infinity":36,"f:117:16:117:Infinity":5,"s:122:27:122:Infinity":37,"b:123:4:130:Infinity:undefined:undefined:undefined:undefined":4,"s:123:4:130:Infinity":38,"b:123:8:123:20:123:20:123:67":5,"s:124:6:129:Infinity":39,"s:125:8:125:Infinity":40,"s:128:8:128:Infinity":41,"s:133:10:133:Infinity":42,"s:136:22:144:Infinity":43,"f:138:29:138:34":6,"s:138:46:141:8":44,"b:139:38:139:42:139:42:139:Infinity":6,"b:140:41:140:46:140:46:140:Infinity":7,"b:140:46:140:59:140:59:140:Infinity":8,"s:147:19:147:Infinity":45,"s:150:23:150:Infinity":46,"s:153:27:153:Infinity":47,"s:155:4:161:Infinity":48,"f:167:2:167:10":7,"b:172:6:177:Infinity:179:6:184:Infinity:186:6:198:Infinity:200:6:205:Infinity:207:6:212:Infinity":9,"s:171:4:213:Infinity":49,"s:173:8:177:Infinity":50,"s:180:8:184:Infinity":51,"b:187:8:193:Infinity:undefined:undefined:undefined:undefined":10,"s:187:8:193:Infinity":52,"s:188:10:192:Infinity":53,"s:194:8:198:Infinity":54,"s:201:8:205:Infinity":55,"s:208:8:212:Infinity":56,"f:223:16:223:25":8,"s:225:16:227:Infinity":57,"b:226:6:226:Infinity:227:6:227:Infinity":11,"b:227:6:227:33:227:33:227:Infinity":12,"s:228:20:228:Infinity":58,"s:229:2:229:Infinity":59,"f:235:16:235:35":9}}}
,"/home/jan/GroepOnline/Context-UI/src/piAdapter.ts": {"path":"/home/jan/GroepOnline/Context-UI/src/piAdapter.ts","statementMap":{"0":{"start":{"line":24,"column":76},"end":{"line":24,"column":null}},"1":{"start":{"line":25,"column":29},"end":{"line":25,"column":null}},"2":{"start":{"line":28,"column":4},"end":{"line":28,"column":null}},"3":{"start":{"line":29,"column":4},"end":{"line":29,"column":null}},"4":{"start":{"line":33,"column":4},"end":{"line":33,"column":null}},"5":{"start":{"line":37,"column":4},"end":{"line":37,"column":null}},"6":{"start":{"line":41,"column":4},"end":{"line":41,"column":null}},"7":{"start":{"line":45,"column":4},"end":{"line":45,"column":null}},"8":{"start":{"line":50,"column":20},"end":{"line":50,"column":null}},"9":{"start":{"line":51,"column":4},"end":{"line":51,"column":null}},"10":{"start":{"line":51,"column":18},"end":{"line":51,"column":null}},"11":{"start":{"line":52,"column":4},"end":{"line":52,"column":null}},"12":{"start":{"line":57,"column":4},"end":{"line":57,"column":null}},"13":{"start":{"line":73,"column":4},"end":{"line":73,"column":null}},"14":{"start":{"line":77,"column":4},"end":{"line":77,"column":null}},"15":{"start":{"line":79,"column":4},"end":{"line":90,"column":null}},"16":{"start":{"line":80,"column":6},"end":{"line":80,"column":null}},"17":{"start":{"line":81,"column":11},"end":{"line":90,"column":null}},"18":{"start":{"line":82,"column":6},"end":{"line":82,"column":null}},"19":{"start":{"line":83,"column":11},"end":{"line":90,"column":null}},"20":{"start":{"line":84,"column":6},"end":{"line":84,"column":null}},"21":{"start":{"line":86,"column":6},"end":{"line":89,"column":null}},"22":{"start":{"line":94,"column":4},"end":{"line":94,"column":null}},"23":{"start":{"line":95,"column":4},"end":{"line":97,"column":null}},"24":{"start":{"line":96,"column":6},"end":{"line":96,"column":null}},"25":{"start":{"line":98,"column":4},"end":{"line":100,"column":null}},"26":{"start":{"line":99,"column":6},"end":{"line":99,"column":null}},"27":{"start":{"line":101,"column":4},"end":{"line":103,"column":null}},"28":{"start":{"line":102,"column":6},"end":{"line":102,"column":null}},"29":{"start":{"line":104,"column":4},"end":{"line":104,"column":null}},"30":{"start":{"line":108,"column":4},"end":{"line":108,"column":null}},"31":{"start":{"line":109,"column":4},"end":{"line":111,"column":null}},"32":{"start":{"line":110,"column":6},"end":{"line":110,"column":null}},"33":{"start":{"line":112,"column":4},"end":{"line":114,"column":null}},"34":{"start":{"line":113,"column":6},"end":{"line":113,"column":null}},"35":{"start":{"line":115,"column":4},"end":{"line":115,"column":null}},"36":{"start":{"line":119,"column":4},"end":{"line":123,"column":null}},"37":{"start":{"line":120,"column":6},"end":{"line":120,"column":null}},"38":{"start":{"line":122,"column":6},"end":{"line":122,"column":null}},"39":{"start":{"line":127,"column":4},"end":{"line":131,"column":null}},"40":{"start":{"line":128,"column":6},"end":{"line":128,"column":null}},"41":{"start":{"line":130,"column":6},"end":{"line":130,"column":null}},"42":{"start":{"line":135,"column":4},"end":{"line":137,"column":null}},"43":{"start":{"line":136,"column":6},"end":{"line":136,"column":null}},"44":{"start":{"line":147,"column":20},"end":{"line":147,"column":null}},"45":{"start":{"line":148,"column":2},"end":{"line":150,"column":null}},"46":{"start":{"line":149,"column":4},"end":{"line":149,"column":null}},"47":{"start":{"line":151,"column":2},"end":{"line":151,"column":null}},"48":{"start":{"line":163,"column":18},"end":{"line":163,"column":null}},"49":{"start":{"line":164,"column":2},"end":{"line":170,"column":null}},"50":{"start":{"line":165,"column":4},"end":{"line":169,"column":null}},"51":{"start":{"line":166,"column":6},"end":{"line":166,"column":null}},"52":{"start":{"line":166,"column":33},"end":{"line":166,"column":null}},"53":{"start":{"line":167,"column":6},"end":{"line":167,"column":null}},"54":{"start":{"line":167,"column":48},"end":{"line":167,"column":null}},"55":{"start":{"line":168,"column":6},"end":{"line":168,"column":null}},"56":{"start":{"line":172,"column":2},"end":{"line":180,"column":null}}},"fnMap":{"0":{"name":"(anonymous_0)","decl":{"start":{"line":27,"column":8},"end":{"line":27,"column":24}},"loc":{"start":{"line":27,"column":107},"end":{"line":30,"column":null}},"line":27},"1":{"name":"(anonymous_1)","decl":{"start":{"line":32,"column":8},"end":{"line":32,"column":43}},"loc":{"start":{"line":32,"column":43},"end":{"line":34,"column":null}},"line":32},"2":{"name":"(anonymous_2)","decl":{"start":{"line":36,"column":8},"end":{"line":36,"column":44}},"loc":{"start":{"line":36,"column":44},"end":{"line":38,"column":null}},"line":36},"3":{"name":"(anonymous_3)","decl":{"start":{"line":40,"column":2},"end":{"line":40,"column":6}},"loc":{"start":{"line":40,"column":29},"end":{"line":42,"column":null}},"line":40},"4":{"name":"(anonymous_4)","decl":{"start":{"line":44,"column":2},"end":{"line":44,"column":8}},"loc":{"start":{"line":44,"column":31},"end":{"line":46,"column":null}},"line":44},"5":{"name":"(anonymous_5)","decl":{"start":{"line":49,"column":8},"end":{"line":49,"column":27}},"loc":{"start":{"line":49,"column":86},"end":{"line":53,"column":null}},"line":49},"6":{"name":"(anonymous_6)","decl":{"start":{"line":56,"column":2},"end":{"line":56,"column":17}},"loc":{"start":{"line":56,"column":34},"end":{"line":58,"column":null}},"line":56},"7":{"name":"(anonymous_7)","decl":{"start":{"line":72,"column":2},"end":{"line":72,"column":14}},"loc":{"start":{"line":72,"column":30},"end":{"line":74,"column":null}},"line":72},"8":{"name":"(anonymous_8)","decl":{"start":{"line":76,"column":8},"end":{"line":76,"column":24}},"loc":{"start":{"line":76,"column":107},"end":{"line":91,"column":null}},"line":76},"9":{"name":"(anonymous_9)","decl":{"start":{"line":93,"column":8},"end":{"line":93,"column":43}},"loc":{"start":{"line":93,"column":43},"end":{"line":105,"column":null}},"line":93},"10":{"name":"(anonymous_10)","decl":{"start":{"line":107,"column":8},"end":{"line":107,"column":44}},"loc":{"start":{"line":107,"column":44},"end":{"line":116,"column":null}},"line":107},"11":{"name":"(anonymous_11)","decl":{"start":{"line":118,"column":2},"end":{"line":118,"column":6}},"loc":{"start":{"line":118,"column":29},"end":{"line":124,"column":null}},"line":118},"12":{"name":"(anonymous_12)","decl":{"start":{"line":126,"column":2},"end":{"line":126,"column":8}},"loc":{"start":{"line":126,"column":31},"end":{"line":132,"column":null}},"line":126},"13":{"name":"(anonymous_13)","decl":{"start":{"line":134,"column":2},"end":{"line":134,"column":10}},"loc":{"start":{"line":134,"column":28},"end":{"line":138,"column":null}},"line":134},"14":{"name":"createPiAPI","decl":{"start":{"line":146,"column":16},"end":{"line":146,"column":46}},"loc":{"start":{"line":146,"column":46},"end":{"line":152,"column":null}},"line":146},"15":{"name":"buildCommandContext","decl":{"start":{"line":158,"column":16},"end":{"line":158,"column":null}},"loc":{"start":{"line":161,"column":20},"end":{"line":181,"column":null}},"line":161},"16":{"name":"(anonymous_16)","decl":{"start":{"line":165,"column":26},"end":{"line":165,"column":31}},"loc":{"start":{"line":165,"column":42},"end":{"line":169,"column":5}},"line":165}},"branchMap":{"0":{"loc":{"start":{"line":37,"column":11},"end":{"line":37,"column":null}},"type":"binary-expr","locations":[{"start":{"line":37,"column":11},"end":{"line":37,"column":38}},{"start":{"line":37,"column":38},"end":{"line":37,"column":null}}],"line":37},"1":{"loc":{"start":{"line":51,"column":4},"end":{"line":51,"column":null}},"type":"if","locations":[{"start":{"line":51,"column":4},"end":{"line":51,"column":null}},{"start":{},"end":{}}],"line":51},"2":{"loc":{"start":{"line":73,"column":20},"end":{"line":73,"column":null}},"type":"binary-expr","locations":[{"start":{"line":73,"column":20},"end":{"line":73,"column":33}},{"start":{"line":73,"column":33},"end":{"line":73,"column":null}}],"line":73},"3":{"loc":{"start":{"line":79,"column":4},"end":{"line":90,"column":null}},"type":"if","locations":[{"start":{"line":79,"column":4},"end":{"line":90,"column":null}},{"start":{"line":81,"column":11},"end":{"line":90,"column":null}}],"line":79},"4":{"loc":{"start":{"line":81,"column":11},"end":{"line":90,"column":null}},"type":"if","locations":[{"start":{"line":81,"column":11},"end":{"line":90,"column":null}},{"start":{"line":83,"column":11},"end":{"line":90,"column":null}}],"line":81},"5":{"loc":{"start":{"line":83,"column":11},"end":{"line":90,"column":null}},"type":"if","locations":[{"start":{"line":83,"column":11},"end":{"line":90,"column":null}},{"start":{"line":85,"column":11},"end":{"line":90,"column":null}}],"line":83},"6":{"loc":{"start":{"line":95,"column":4},"end":{"line":97,"column":null}},"type":"if","locations":[{"start":{"line":95,"column":4},"end":{"line":97,"column":null}},{"start":{},"end":{}}],"line":95},"7":{"loc":{"start":{"line":98,"column":4},"end":{"line":100,"column":null}},"type":"if","locations":[{"start":{"line":98,"column":4},"end":{"line":100,"column":null}},{"start":{},"end":{}}],"line":98},"8":{"loc":{"start":{"line":101,"column":4},"end":{"line":103,"column":null}},"type":"if","locations":[{"start":{"line":101,"column":4},"end":{"line":103,"column":null}},{"start":{},"end":{}}],"line":101},"9":{"loc":{"start":{"line":109,"column":4},"end":{"line":111,"column":null}},"type":"if","locations":[{"start":{"line":109,"column":4},"end":{"line":111,"column":null}},{"start":{},"end":{}}],"line":109},"10":{"loc":{"start":{"line":112,"column":4},"end":{"line":114,"column":null}},"type":"if","locations":[{"start":{"line":112,"column":4},"end":{"line":114,"column":null}},{"start":{},"end":{}}],"line":112},"11":{"loc":{"start":{"line":115,"column":11},"end":{"line":115,"column":null}},"type":"binary-expr","locations":[{"start":{"line":115,"column":11},"end":{"line":115,"column":38}},{"start":{"line":115,"column":38},"end":{"line":115,"column":null}}],"line":115},"12":{"loc":{"start":{"line":119,"column":4},"end":{"line":123,"column":null}},"type":"if","locations":[{"start":{"line":119,"column":4},"end":{"line":123,"column":null}},{"start":{"line":121,"column":11},"end":{"line":123,"column":null}}],"line":119},"13":{"loc":{"start":{"line":119,"column":8},"end":{"line":119,"column":66}},"type":"binary-expr","locations":[{"start":{"line":119,"column":8},"end":{"line":119,"column":25}},{"start":{"line":119,"column":25},"end":{"line":119,"column":66}}],"line":119},"14":{"loc":{"start":{"line":127,"column":4},"end":{"line":131,"column":null}},"type":"if","locations":[{"start":{"line":127,"column":4},"end":{"line":131,"column":null}},{"start":{"line":129,"column":11},"end":{"line":131,"column":null}}],"line":127},"15":{"loc":{"start":{"line":127,"column":8},"end":{"line":127,"column":68}},"type":"binary-expr","locations":[{"start":{"line":127,"column":8},"end":{"line":127,"column":25}},{"start":{"line":127,"column":25},"end":{"line":127,"column":68}}],"line":127},"16":{"loc":{"start":{"line":135,"column":4},"end":{"line":137,"column":null}},"type":"if","locations":[{"start":{"line":135,"column":4},"end":{"line":137,"column":null}},{"start":{},"end":{}}],"line":135},"17":{"loc":{"start":{"line":148,"column":2},"end":{"line":150,"column":null}},"type":"if","locations":[{"start":{"line":148,"column":2},"end":{"line":150,"column":null}},{"start":{},"end":{}}],"line":148},"18":{"loc":{"start":{"line":163,"column":18},"end":{"line":163,"column":null}},"type":"binary-expr","locations":[{"start":{"line":163,"column":18},"end":{"line":163,"column":44}},{"start":{"line":163,"column":44},"end":{"line":163,"column":null}}],"line":163},"19":{"loc":{"start":{"line":164,"column":2},"end":{"line":170,"column":null}},"type":"if","locations":[{"start":{"line":164,"column":2},"end":{"line":170,"column":null}},{"start":{},"end":{}}],"line":164},"20":{"loc":{"start":{"line":166,"column":6},"end":{"line":166,"column":null}},"type":"if","locations":[{"start":{"line":166,"column":6},"end":{"line":166,"column":null}},{"start":{},"end":{}}],"line":166},"21":{"loc":{"start":{"line":167,"column":6},"end":{"line":167,"column":null}},"type":"if","locations":[{"start":{"line":167,"column":6},"end":{"line":167,"column":null}},{"start":{},"end":{}}],"line":167},"22":{"loc":{"start":{"line":167,"column":10},"end":{"line":167,"column":48}},"type":"binary-expr","locations":[{"start":{"line":167,"column":10},"end":{"line":167,"column":15}},{"start":{"line":167,"column":15},"end":{"line":167,"column":40}},{"start":{"line":167,"column":40},"end":{"line":167,"column":48}}],"line":167},"23":{"loc":{"start":{"line":174,"column":20},"end":{"line":174,"column":null}},"type":"binary-expr","locations":[{"start":{"line":174,"column":20},"end":{"line":174,"column":44}},{"start":{"line":174,"column":44},"end":{"line":174,"column":null}}],"line":174},"24":{"loc":{"start":{"line":175,"column":20},"end":{"line":175,"column":null}},"type":"binary-expr","locations":[{"start":{"line":175,"column":20},"end":{"line":175,"column":51}},{"start":{"line":175,"column":51},"end":{"line":175,"column":null}}],"line":175},"25":{"loc":{"start":{"line":177,"column":17},"end":{"line":177,"column":null}},"type":"binary-expr","locations":[{"start":{"line":177,"column":17},"end":{"line":177,"column":45}},{"start":{"line":177,"column":45},"end":{"line":177,"column":null}}],"line":177},"26":{"loc":{"start":{"line":178,"column":20},"end":{"line":178,"column":null}},"type":"binary-expr","locations":[{"start":{"line":178,"column":20},"end":{"line":178,"column":51}},{"start":{"line":178,"column":51},"end":{"line":178,"column":null}}],"line":178}},"s":{"0":4,"1":4,"2":9,"3":9,"4":7,"5":4,"6":10,"7":0,"8":7,"9":7,"10":0,"11":7,"12":1,"13":1,"14":1,"15":1,"16":0,"17":0,"18":0,"19":0,"20":0,"21":0,"22":0,"23":0,"24":0,"25":0,"26":0,"27":0,"28":0,"29":0,"30":0,"31":0,"32":0,"33":0,"34":0,"35":0,"36":0,"37":0,"38":0,"39":0,"40":0,"41":0,"42":1,"43":1,"44":0,"45":0,"46":0,"47":0,"48":17,"49":17,"50":17,"51":14,"52":14,"53":0,"54":0,"55":0,"56":17},"f":{"0":9,"1":7,"2":4,"3":10,"4":0,"5":7,"6":1,"7":1,"8":1,"9":0,"10":0,"11":0,"12":0,"13":1,"14":0,"15":17,"16":14},"b":{"0":[4,4],"1":[0,7],"2":[1,1],"3":[0,0],"4":[0,0],"5":[0,0],"6":[0,0],"7":[0,0],"8":[0,0],"9":[0,0],"10":[0,0],"11":[0,0],"12":[0,0],"13":[0,0],"14":[0,0],"15":[0,0],"16":[1,0],"17":[0,0],"18":[17,10],"19":[17,0],"20":[14,0],"21":[0,0],"22":[0,0,0],"23":[17,17],"24":[17,17],"25":[17,17],"26":[17,10]},"meta":{"lastBranch":27,"lastFunction":17,"lastStatement":57,"seen":{"s:24:76:24:Infinity":0,"s:25:29:25:Infinity":1,"f:27:8:27:24":0,"s:28:4:28:Infinity":2,"s:29:4:29:Infinity":3,"f:32:8:32:43":1,"s:33:4:33:Infinity":4,"f:36:8:36:44":2,"s:37:4:37:Infinity":5,"b:37:11:37:38:37:38:37:Infinity":0,"f:40:2:40:6":3,"s:41:4:41:Infinity":6,"f:44:2:44:8":4,"s:45:4:45:Infinity":7,"f:49:8:49:27":5,"s:50:20:50:Infinity":8,"b:51:4:51:Infinity:undefined:undefined:undefined:undefined":1,"s:51:4:51:Infinity":9,"s:51:18:51:Infinity":10,"s:52:4:52:Infinity":11,"f:56:2:56:17":6,"s:57:4:57:Infinity":12,"f:72:2:72:14":7,"s:73:4:73:Infinity":13,"b:73:20:73:33:73:33:73:Infinity":2,"f:76:8:76:24":8,"s:77:4:77:Infinity":14,"b:79:4:90:Infinity:81:11:90:Infinity":3,"s:79:4:90:Infinity":15,"s:80:6:80:Infinity":16,"b:81:11:90:Infinity:83:11:90:Infinity":4,"s:81:11:90:Infinity":17,"s:82:6:82:Infinity":18,"b:83:11:90:Infinity:85:11:90:Infinity":5,"s:83:11:90:Infinity":19,"s:84:6:84:Infinity":20,"s:86:6:89:Infinity":21,"f:93:8:93:43":9,"s:94:4:94:Infinity":22,"b:95:4:97:Infinity:undefined:undefined:undefined:undefined":6,"s:95:4:97:Infinity":23,"s:96:6:96:Infinity":24,"b:98:4:100:Infinity:undefined:undefined:undefined:undefined":7,"s:98:4:100:Infinity":25,"s:99:6:99:Infinity":26,"b:101:4:103:Infinity:undefined:undefined:undefined:undefined":8,"s:101:4:103:Infinity":27,"s:102:6:102:Infinity":28,"s:104:4:104:Infinity":29,"f:107:8:107:44":10,"s:108:4:108:Infinity":30,"b:109:4:111:Infinity:undefined:undefined:undefined:undefined":9,"s:109:4:111:Infinity":31,"s:110:6:110:Infinity":32,"b:112:4:114:Infinity:undefined:undefined:undefined:undefined":10,"s:112:4:114:Infinity":33,"s:113:6:113:Infinity":34,"s:115:4:115:Infinity":35,"b:115:11:115:38:115:38:115:Infinity":11,"f:118:2:118:6":11,"b:119:4:123:Infinity:121:11:123:Infinity":12,"s:119:4:123:Infinity":36,"b:119:8:119:25:119:25:119:66":13,"s:120:6:120:Infinity":37,"s:122:6:122:Infinity":38,"f:126:2:126:8":12,"b:127:4:131:Infinity:129:11:131:Infinity":14,"s:127:4:131:Infinity":39,"b:127:8:127:25:127:25:127:68":15,"s:128:6:128:Infinity":40,"s:130:6:130:Infinity":41,"f:134:2:134:10":13,"b:135:4:137:Infinity:undefined:undefined:undefined:undefined":16,"s:135:4:137:Infinity":42,"s:136:6:136:Infinity":43,"f:146:16:146:46":14,"s:147:20:147:Infinity":44,"b:148:2:150:Infinity:undefined:undefined:undefined:undefined":17,"s:148:2:150:Infinity":45,"s:149:4:149:Infinity":46,"s:151:2:151:Infinity":47,"f:158:16:158:Infinity":15,"s:163:18:163:Infinity":48,"b:163:18:163:44:163:44:163:Infinity":18,"b:164:2:170:Infinity:undefined:undefined:undefined:undefined":19,"s:164:2:170:Infinity":49,"s:165:4:169:Infinity":50,"f:165:26:165:31":16,"b:166:6:166:Infinity:undefined:undefined:undefined:undefined":20,"s:166:6:166:Infinity":51,"s:166:33:166:Infinity":52,"b:167:6:167:Infinity:undefined:undefined:undefined:undefined":21,"s:167:6:167:Infinity":53,"b:167:10:167:15:167:15:167:40:167:40:167:48":22,"s:167:48:167:Infinity":54,"s:168:6:168:Infinity":55,"s:172:2:180:Infinity":56,"b:174:20:174:44:174:44:174:Infinity":23,"b:175:20:175:51:175:51:175:Infinity":24,"b:177:17:177:45:177:45:177:Infinity":25,"b:178:20:178:51:178:51:178:Infinity":26}}}
,"/home/jan/GroepOnline/Context-UI/src/terminalRenderer.ts": {"path":"/home/jan/GroepOnline/Context-UI/src/terminalRenderer.ts","statementMap":{"0":{"start":{"line":16,"column":14},"end":{"line":16,"column":null}},"1":{"start":{"line":17,"column":13},"end":{"line":17,"column":null}},"2":{"start":{"line":18,"column":12},"end":{"line":18,"column":null}},"3":{"start":{"line":19,"column":14},"end":{"line":19,"column":null}},"4":{"start":{"line":20,"column":15},"end":{"line":20,"column":null}},"5":{"start":{"line":21,"column":16},"end":{"line":21,"column":null}},"6":{"start":{"line":22,"column":12},"end":{"line":22,"column":null}},"7":{"start":{"line":23,"column":13},"end":{"line":23,"column":null}},"8":{"start":{"line":24,"column":13},"end":{"line":24,"column":null}},"9":{"start":{"line":25,"column":13},"end":{"line":25,"column":null}},"10":{"start":{"line":26,"column":19},"end":{"line":26,"column":null}},"11":{"start":{"line":29,"column":41},"end":{"line":34,"column":null}},"12":{"start":{"line":35,"column":2},"end":{"line":35,"column":null}},"13":{"start":{"line":44,"column":4},"end":{"line":44,"column":null}},"14":{"start":{"line":45,"column":4},"end":{"line":45,"column":null}},"15":{"start":{"line":52,"column":4},"end":{"line":65,"column":null}},"16":{"start":{"line":54,"column":8},"end":{"line":54,"column":null}},"17":{"start":{"line":56,"column":8},"end":{"line":56,"column":null}},"18":{"start":{"line":58,"column":8},"end":{"line":58,"column":null}},"19":{"start":{"line":60,"column":8},"end":{"line":60,"column":null}},"20":{"start":{"line":62,"column":8},"end":{"line":62,"column":null}},"21":{"start":{"line":64,"column":8},"end":{"line":64,"column":null}},"22":{"start":{"line":73,"column":28},"end":{"line":73,"column":null}},"23":{"start":{"line":74,"column":17},"end":{"line":74,"column":null}},"24":{"start":{"line":75,"column":16},"end":{"line":75,"column":null}},"25":{"start":{"line":76,"column":20},"end":{"line":76,"column":null}},"26":{"start":{"line":77,"column":25},"end":{"line":77,"column":null}},"27":{"start":{"line":79,"column":4},"end":{"line":79,"column":null}},"28":{"start":{"line":80,"column":4},"end":{"line":80,"column":null}},"29":{"start":{"line":81,"column":4},"end":{"line":81,"column":null}},"30":{"start":{"line":82,"column":4},"end":{"line":82,"column":null}},"31":{"start":{"line":83,"column":4},"end":{"line":83,"column":null}},"32":{"start":{"line":84,"column":4},"end":{"line":84,"column":null}},"33":{"start":{"line":85,"column":4},"end":{"line":85,"column":null}},"34":{"start":{"line":86,"column":4},"end":{"line":86,"column":null}},"35":{"start":{"line":88,"column":4},"end":{"line":88,"column":null}},"36":{"start":{"line":96,"column":28},"end":{"line":96,"column":null}},"37":{"start":{"line":98,"column":4},"end":{"line":98,"column":null}},"38":{"start":{"line":100,"column":4},"end":{"line":102,"column":null}},"39":{"start":{"line":101,"column":6},"end":{"line":101,"column":null}},"40":{"start":{"line":104,"column":4},"end":{"line":104,"column":null}},"41":{"start":{"line":106,"column":4},"end":{"line":109,"column":null}},"42":{"start":{"line":107,"column":21},"end":{"line":107,"column":null}},"43":{"start":{"line":107,"column":62},"end":{"line":107,"column":71}},"44":{"start":{"line":108,"column":6},"end":{"line":108,"column":null}},"45":{"start":{"line":111,"column":4},"end":{"line":114,"column":null}},"46":{"start":{"line":112,"column":21},"end":{"line":112,"column":null}},"47":{"start":{"line":112,"column":60},"end":{"line":112,"column":69}},"48":{"start":{"line":113,"column":6},"end":{"line":113,"column":null}},"49":{"start":{"line":116,"column":4},"end":{"line":118,"column":null}},"50":{"start":{"line":117,"column":6},"end":{"line":117,"column":null}},"51":{"start":{"line":120,"column":4},"end":{"line":120,"column":null}},"52":{"start":{"line":121,"column":4},"end":{"line":121,"column":null}},"53":{"start":{"line":129,"column":17},"end":{"line":129,"column":null}},"54":{"start":{"line":130,"column":28},"end":{"line":130,"column":null}},"55":{"start":{"line":132,"column":4},"end":{"line":132,"column":null}},"56":{"start":{"line":133,"column":4},"end":{"line":133,"column":null}},"57":{"start":{"line":134,"column":4},"end":{"line":134,"column":null}},"58":{"start":{"line":135,"column":4},"end":{"line":135,"column":null}},"59":{"start":{"line":143,"column":4},"end":{"line":143,"column":null}},"60":{"start":{"line":151,"column":28},"end":{"line":151,"column":null}},"61":{"start":{"line":152,"column":14},"end":{"line":152,"column":null}},"62":{"start":{"line":154,"column":4},"end":{"line":154,"column":null}},"63":{"start":{"line":156,"column":67},"end":{"line":164,"column":null}},"64":{"start":{"line":167,"column":4},"end":{"line":167,"column":null}},"65":{"start":{"line":167,"column":24},"end":{"line":167,"column":49}},"66":{"start":{"line":169,"column":4},"end":{"line":173,"column":null}},"67":{"start":{"line":170,"column":18},"end":{"line":170,"column":null}},"68":{"start":{"line":171,"column":18},"end":{"line":171,"column":null}},"69":{"start":{"line":172,"column":6},"end":{"line":172,"column":null}},"70":{"start":{"line":175,"column":4},"end":{"line":175,"column":null}},"71":{"start":{"line":176,"column":4},"end":{"line":178,"column":null}},"72":{"start":{"line":179,"column":4},"end":{"line":181,"column":null}},"73":{"start":{"line":182,"column":4},"end":{"line":182,"column":null}},"74":{"start":{"line":183,"column":4},"end":{"line":183,"column":null}},"75":{"start":{"line":191,"column":28},"end":{"line":191,"column":null}},"76":{"start":{"line":193,"column":4},"end":{"line":193,"column":null}},"77":{"start":{"line":195,"column":4},"end":{"line":204,"column":null}},"78":{"start":{"line":196,"column":6},"end":{"line":196,"column":null}},"79":{"start":{"line":198,"column":6},"end":{"line":203,"column":null}},"80":{"start":{"line":199,"column":20},"end":{"line":201,"column":null}},"81":{"start":{"line":202,"column":8},"end":{"line":202,"column":null}},"82":{"start":{"line":206,"column":4},"end":{"line":212,"column":null}},"83":{"start":{"line":207,"column":6},"end":{"line":207,"column":null}},"84":{"start":{"line":208,"column":6},"end":{"line":208,"column":null}},"85":{"start":{"line":209,"column":6},"end":{"line":211,"column":null}},"86":{"start":{"line":210,"column":8},"end":{"line":210,"column":null}},"87":{"start":{"line":214,"column":4},"end":{"line":214,"column":null}},"88":{"start":{"line":215,"column":4},"end":{"line":215,"column":null}},"89":{"start":{"line":223,"column":28},"end":{"line":223,"column":null}},"90":{"start":{"line":224,"column":15},"end":{"line":224,"column":null}},"91":{"start":{"line":225,"column":15},"end":{"line":225,"column":null}},"92":{"start":{"line":227,"column":4},"end":{"line":227,"column":null}},"93":{"start":{"line":229,"column":4},"end":{"line":232,"column":null}},"94":{"start":{"line":230,"column":6},"end":{"line":230,"column":null}},"95":{"start":{"line":231,"column":6},"end":{"line":231,"column":null}},"96":{"start":{"line":234,"column":4},"end":{"line":234,"column":null}},"97":{"start":{"line":235,"column":4},"end":{"line":235,"column":null}},"98":{"start":{"line":237,"column":4},"end":{"line":243,"column":null}},"99":{"start":{"line":238,"column":6},"end":{"line":238,"column":null}},"100":{"start":{"line":239,"column":6},"end":{"line":239,"column":null}},"101":{"start":{"line":240,"column":6},"end":{"line":242,"column":null}},"102":{"start":{"line":241,"column":8},"end":{"line":241,"column":null}},"103":{"start":{"line":245,"column":4},"end":{"line":251,"column":null}},"104":{"start":{"line":246,"column":6},"end":{"line":246,"column":null}},"105":{"start":{"line":247,"column":6},"end":{"line":247,"column":null}},"106":{"start":{"line":248,"column":6},"end":{"line":250,"column":null}},"107":{"start":{"line":249,"column":8},"end":{"line":249,"column":null}},"108":{"start":{"line":253,"column":4},"end":{"line":259,"column":null}},"109":{"start":{"line":254,"column":6},"end":{"line":254,"column":null}},"110":{"start":{"line":255,"column":6},"end":{"line":255,"column":null}},"111":{"start":{"line":256,"column":6},"end":{"line":258,"column":null}},"112":{"start":{"line":257,"column":8},"end":{"line":257,"column":null}},"113":{"start":{"line":261,"column":4},"end":{"line":267,"column":null}},"114":{"start":{"line":262,"column":6},"end":{"line":262,"column":null}},"115":{"start":{"line":263,"column":6},"end":{"line":263,"column":null}},"116":{"start":{"line":264,"column":6},"end":{"line":266,"column":null}},"117":{"start":{"line":265,"column":8},"end":{"line":265,"column":null}},"118":{"start":{"line":269,"column":4},"end":{"line":269,"column":null}},"119":{"start":{"line":270,"column":4},"end":{"line":270,"column":null}},"120":{"start":{"line":271,"column":4},"end":{"line":271,"column":null}},"121":{"start":{"line":273,"column":4},"end":{"line":273,"column":null}},"122":{"start":{"line":281,"column":28},"end":{"line":281,"column":null}},"123":{"start":{"line":283,"column":19},"end":{"line":289,"column":null}},"124":{"start":{"line":290,"column":18},"end":{"line":290,"column":null}},"125":{"start":{"line":292,"column":4},"end":{"line":292,"column":null}},"126":{"start":{"line":293,"column":4},"end":{"line":293,"column":null}},"127":{"start":{"line":294,"column":4},"end":{"line":294,"column":null}},"128":{"start":{"line":295,"column":4},"end":{"line":295,"column":null}},"129":{"start":{"line":296,"column":4},"end":{"line":296,"column":null}},"130":{"start":{"line":297,"column":4},"end":{"line":297,"column":null}},"131":{"start":{"line":298,"column":4},"end":{"line":298,"column":null}},"132":{"start":{"line":299,"column":4},"end":{"line":299,"column":null}},"133":{"start":{"line":300,"column":4},"end":{"line":300,"column":null}},"134":{"start":{"line":301,"column":4},"end":{"line":301,"column":null}},"135":{"start":{"line":303,"column":4},"end":{"line":303,"column":null}},"136":{"start":{"line":311,"column":18},"end":{"line":317,"column":null}},"137":{"start":{"line":318,"column":4},"end":{"line":318,"column":null}},"138":{"start":{"line":326,"column":18},"end":{"line":326,"column":null}},"139":{"start":{"line":327,"column":16},"end":{"line":327,"column":null}},"140":{"start":{"line":328,"column":4},"end":{"line":328,"column":null}},"141":{"start":{"line":332,"column":4},"end":{"line":332,"column":null}},"142":{"start":{"line":336,"column":4},"end":{"line":336,"column":null}},"143":{"start":{"line":340,"column":25},"end":{"line":340,"column":null}},"144":{"start":{"line":341,"column":16},"end":{"line":341,"column":null}},"145":{"start":{"line":342,"column":20},"end":{"line":342,"column":null}},"146":{"start":{"line":343,"column":16},"end":{"line":343,"column":null}},"147":{"start":{"line":344,"column":18},"end":{"line":344,"column":null}},"148":{"start":{"line":345,"column":4},"end":{"line":345,"column":null}},"149":{"start":{"line":356,"column":19},"end":{"line":356,"column":null}},"150":{"start":{"line":357,"column":18},"end":{"line":357,"column":null}},"151":{"start":{"line":358,"column":22},"end":{"line":358,"column":null}},"152":{"start":{"line":359,"column":21},"end":{"line":359,"column":null}},"153":{"start":{"line":362,"column":4},"end":{"line":365,"column":null}},"154":{"start":{"line":362,"column":18},"end":{"line":362,"column":null}},"155":{"start":{"line":363,"column":9},"end":{"line":365,"column":null}},"156":{"start":{"line":363,"column":23},"end":{"line":363,"column":null}},"157":{"start":{"line":364,"column":9},"end":{"line":365,"column":null}},"158":{"start":{"line":364,"column":23},"end":{"line":364,"column":null}},"159":{"start":{"line":365,"column":9},"end":{"line":365,"column":null}},"160":{"start":{"line":367,"column":4},"end":{"line":367,"column":null}},"161":{"start":{"line":374,"column":4},"end":{"line":374,"column":null}},"162":{"start":{"line":374,"column":18},"end":{"line":374,"column":null}},"163":{"start":{"line":375,"column":14},"end":{"line":375,"column":null}},"164":{"start":{"line":376,"column":17},"end":{"line":376,"column":null}},"165":{"start":{"line":377,"column":16},"end":{"line":377,"column":null}},"166":{"start":{"line":378,"column":4},"end":{"line":378,"column":null}},"167":{"start":{"line":385,"column":4},"end":{"line":385,"column":null}},"168":{"start":{"line":392,"column":43},"end":{"line":397,"column":null}},"169":{"start":{"line":398,"column":4},"end":{"line":398,"column":null}},"170":{"start":{"line":405,"column":40},"end":{"line":411,"column":null}},"171":{"start":{"line":412,"column":4},"end":{"line":412,"column":null}},"172":{"start":{"line":420,"column":4},"end":{"line":422,"column":null}},"173":{"start":{"line":421,"column":6},"end":{"line":421,"column":null}},"174":{"start":{"line":423,"column":4},"end":{"line":423,"column":null}},"175":{"start":{"line":427,"column":19},"end":{"line":427,"column":null}},"176":{"start":{"line":428,"column":4},"end":{"line":428,"column":null}},"177":{"start":{"line":432,"column":4},"end":{"line":432,"column":null}},"178":{"start":{"line":436,"column":4},"end":{"line":436,"column":null}},"179":{"start":{"line":440,"column":4},"end":{"line":440,"column":null}},"180":{"start":{"line":440,"column":53},"end":{"line":440,"column":null}},"181":{"start":{"line":442,"column":21},"end":{"line":442,"column":null}},"182":{"start":{"line":443,"column":19},"end":{"line":443,"column":null}},"183":{"start":{"line":444,"column":14},"end":{"line":444,"column":null}},"184":{"start":{"line":445,"column":18},"end":{"line":445,"column":null}},"185":{"start":{"line":447,"column":4},"end":{"line":465,"column":null}},"186":{"start":{"line":447,"column":17},"end":{"line":447,"column":20}},"187":{"start":{"line":448,"column":17},"end":{"line":448,"column":null}},"188":{"start":{"line":450,"column":6},"end":{"line":457,"column":null}},"189":{"start":{"line":451,"column":22},"end":{"line":451,"column":null}},"190":{"start":{"line":452,"column":8},"end":{"line":456,"column":null}},"191":{"start":{"line":453,"column":10},"end":{"line":453,"column":null}},"192":{"start":{"line":454,"column":10},"end":{"line":454,"column":null}},"193":{"start":{"line":455,"column":10},"end":{"line":455,"column":null}},"194":{"start":{"line":459,"column":6},"end":{"line":464,"column":null}},"195":{"start":{"line":460,"column":8},"end":{"line":460,"column":null}},"196":{"start":{"line":461,"column":8},"end":{"line":461,"column":null}},"197":{"start":{"line":463,"column":8},"end":{"line":463,"column":null}},"198":{"start":{"line":467,"column":4},"end":{"line":467,"column":null}}},"fnMap":{"0":{"name":"riskColor","decl":{"start":{"line":28,"column":9},"end":{"line":28,"column":19}},"loc":{"start":{"line":28,"column":44},"end":{"line":36,"column":null}},"line":28},"1":{"name":"(anonymous_1)","decl":{"start":{"line":42,"column":2},"end":{"line":42,"column":14}},"loc":{"start":{"line":42,"column":38},"end":{"line":46,"column":null}},"line":42},"2":{"name":"(anonymous_2)","decl":{"start":{"line":51,"column":2},"end":{"line":51,"column":9}},"loc":{"start":{"line":51,"column":40},"end":{"line":66,"column":null}},"line":51},"3":{"name":"(anonymous_3)","decl":{"start":{"line":72,"column":2},"end":{"line":72,"column":10}},"loc":{"start":{"line":72,"column":57},"end":{"line":89,"column":null}},"line":72},"4":{"name":"(anonymous_4)","decl":{"start":{"line":95,"column":2},"end":{"line":95,"column":10}},"loc":{"start":{"line":95,"column":62},"end":{"line":122,"column":null}},"line":95},"5":{"name":"(anonymous_5)","decl":{"start":{"line":107,"column":53},"end":{"line":107,"column":57}},"loc":{"start":{"line":107,"column":62},"end":{"line":107,"column":71}},"line":107},"6":{"name":"(anonymous_6)","decl":{"start":{"line":112,"column":51},"end":{"line":112,"column":55}},"loc":{"start":{"line":112,"column":60},"end":{"line":112,"column":69}},"line":112},"7":{"name":"(anonymous_7)","decl":{"start":{"line":128,"column":2},"end":{"line":128,"column":10}},"loc":{"start":{"line":128,"column":63},"end":{"line":136,"column":null}},"line":128},"8":{"name":"(anonymous_8)","decl":{"start":{"line":142,"column":2},"end":{"line":142,"column":10}},"loc":{"start":{"line":142,"column":55},"end":{"line":144,"column":null}},"line":142},"9":{"name":"(anonymous_9)","decl":{"start":{"line":150,"column":2},"end":{"line":150,"column":10}},"loc":{"start":{"line":150,"column":54},"end":{"line":184,"column":null}},"line":150},"10":{"name":"(anonymous_10)","decl":{"start":{"line":167,"column":9},"end":{"line":167,"column":15}},"loc":{"start":{"line":167,"column":24},"end":{"line":167,"column":49}},"line":167},"11":{"name":"(anonymous_11)","decl":{"start":{"line":190,"column":2},"end":{"line":190,"column":10}},"loc":{"start":{"line":190,"column":54},"end":{"line":216,"column":null}},"line":190},"12":{"name":"(anonymous_12)","decl":{"start":{"line":222,"column":2},"end":{"line":222,"column":10}},"loc":{"start":{"line":222,"column":55},"end":{"line":274,"column":null}},"line":222},"13":{"name":"(anonymous_13)","decl":{"start":{"line":280,"column":2},"end":{"line":280,"column":10}},"loc":{"start":{"li
[...]
nd":{"line":148,"column":null}},"38":{"start":{"line":145,"column":6},"end":{"line":147,"column":null}},"39":{"start":{"line":146,"column":8},"end":{"line":146,"column":null}},"40":{"start":{"line":151,"column":4},"end":{"line":159,"column":null}},"41":{"start":{"line":152,"column":6},"end":{"line":158,"column":null}},"42":{"start":{"line":152,"column":19},"end":{"line":152,"column":22}},"43":{"start":{"line":153,"column":23},"end":{"line":153,"column":null}},"44":{"start":{"line":154,"column":21},"end":{"line":154,"column":null}},"45":{"start":{"line":155,"column":8},"end":{"line":157,"column":null}},"46":{"start":{"line":156,"column":10},"end":{"line":156,"column":null}},"47":{"start":{"line":161,"column":4},"end":{"line":161,"column":null}},"48":{"start":{"line":169,"column":28},"end":{"line":169,"column":null}},"49":{"start":{"line":170,"column":24},"end":{"line":170,"column":null}},"50":{"start":{"line":172,"column":4},"end":{"line":180,"column":null}},"51":{"start":{"line":173,"column":6},"end":{"line":179,"column":null}},"52":{"start":{"line":174,"column":23},"end":{"line":174,"column":null}},"53":{"start":{"line":176,"column":8},"end":{"line":178,"column":null}},"54":{"start":{"line":177,"column":10},"end":{"line":177,"column":null}},"55":{"start":{"line":182,"column":4},"end":{"line":182,"column":null}},"56":{"start":{"line":190,"column":24},"end":{"line":190,"column":null}},"57":{"start":{"line":191,"column":18},"end":{"line":191,"column":null}},"58":{"start":{"line":194,"column":16},"end":{"line":194,"column":null}},"59":{"start":{"line":195,"column":44},"end":{"line":202,"column":null}},"60":{"start":{"line":204,"column":18},"end":{"line":204,"column":null}},"61":{"start":{"line":205,"column":20},"end":{"line":205,"column":null}},"62":{"start":{"line":206,"column":4},"end":{"line":206,"column":null}},"63":{"start":{"line":213,"column":4},"end":{"line":213,"column":null}},"64":{"start":{"line":221,"column":22},"end":{"line":221,"column":null}},"65":{"start":{"line":222,"column":4},"end":{"line":224,"column":null}},"66":{"start":{"line":223,"column":6},"end":{"line":223,"column":null}},"67":{"start":{"line":225,"column":4},"end":{"line":225,"column":null}},"68":{"start":{"line":232,"column":4},"end":{"line":232,"column":null}},"69":{"start":{"line":232,"column":41},"end":{"line":232,"column":null}},"70":{"start":{"line":234,"column":19},"end":{"line":234,"column":null}},"71":{"start":{"line":237,"column":4},"end":{"line":237,"column":null}},"72":{"start":{"line":237,"column":22},"end":{"line":237,"column":null}},"73":{"start":{"line":238,"column":4},"end":{"line":240,"column":null}},"74":{"start":{"line":239,"column":6},"end":{"line":239,"column":null}},"75":{"start":{"line":241,"column":4},"end":{"line":241,"column":null}},"76":{"start":{"line":241,"column":23},"end":{"line":241,"column":null}},"77":{"start":{"line":243,"column":4},"end":{"line":243,"column":null}},"78":{"start":{"line":250,"column":4},"end":{"line":250,"column":null}},"79":{"start":{"line":250,"column":14},"end":{"line":250,"column":null}},"80":{"start":{"line":251,"column":4},"end":{"line":251,"column":null}},"81":{"start":{"line":258,"column":18},"end":{"line":258,"column":null}},"82":{"start":{"line":259,"column":4},"end":{"line":259,"column":null}},"83":{"start":{"line":259,"column":27},"end":{"line":259,"column":null}},"84":{"start":{"line":260,"column":4},"end":{"line":260,"column":null}}},"fnMap":{"0":{"name":"(anonymous_0)","decl":{"start":{"line":20,"column":2},"end":{"line":20,"column":null}},"loc":{"start":{"line":25,"column":4},"end":{"line":30,"column":null}},"line":25},"1":{"name":"(anonymous_1)","decl":{"start":{"line":35,"column":2},"end":{"line":35,"column":10}},"loc":{"start":{"line":35,"column":49},"end":{"line":49,"column":null}},"line":35},"2":{"name":"(anonymous_2)","decl":{"start":{"line":54,"column":2},"end":{"line":54,"column":10}},"loc":{"start":{"line":54,"column":68},"end":{"line":82,"column":null}},"line":54},"3":{"name":"(anonymous_3)","decl":{"start":{"line":80,"column":7},"end":{"line":80,"column":13}},"loc":{"start":{"line":80,"column":16},"end":{"line":80,"column":69}},"line":80},"4":{"name":"(anonymous_4)","decl":{"start":{"line":87,"column":2},"end":{"line":87,"column":10}},"loc":{"start":{"line":87,"column":74},"end":{"line":102,"column":null}},"line":87},"5":{"name":"(anonymous_5)","decl":{"start":{"line":93,"column":7},"end":{"line":93,"column":11}},"loc":{"start":{"line":93,"column":18},"end":{"line":99,"column":7}},"line":93},"6":{"name":"(anonymous_6)","decl":{"start":{"line":100,"column":7},"end":{"line":100,"column":13}},"loc":{"start":{"line":100,"column":16},"end":{"line":100,"column":63}},"line":100},"7":{"name":"(anonymous_7)","decl":{"start":{"line":107,"column":2},"end":{"line":107,"column":10}},"loc":{"start":{"line":107,"column":70},"end":{"line":124,"column":null}},"line":107},"8":{"name":"(anonymous_8)","decl":{"start":{"line":129,"column":2},"end":{"line":129,"column":10}},"loc":{"start":{"line":133,"column":14},"end":{"line":162,"column":null}},"line":133},"9":{"name":"(anonymous_9)","decl":{"start":{"line":167,"column":2},"end":{"line":167,"column":10}},"loc":{"start":{"line":167,"column":72},"end":{"line":183,"column":null}},"line":167},"10":{"name":"(anonymous_10)","decl":{"start":{"line":189,"column":2},"end":{"line":189,"column":10}},"loc":{"start":{"line":189,"column":51},"end":{"line":207,"column":null}},"line":189},"11":{"name":"(anonymous_11)","decl":{"start":{"line":212,"column":2},"end":{"line":212,"column":10}},"loc":{"start":{"line":212,"column":51},"end":{"line":214,"column":null}},"line":212},"12":{"name":"(anonymous_12)","decl":{"start":{"line":219,"column":2},"end":{"line":219,"column":10}},"loc":{"start":{"line":219,"column":53},"end":{"line":226,"column":null}},"line":219},"13":{"name":"(anonymous_13)","decl":{"start":{"line":231,"column":2},"end":{"line":231,"column":10}},"loc":{"start":{"line":231,"column":59},"end":{"line":244,"column":null}},"line":231},"14":{"name":"(anonymous_14)","decl":{"start":{"line":249,"column":2},"end":{"line":249,"column":10}},"loc":{"start":{"line":249,"column":51},"end":{"line":252,"column":null}},"line":249},"15":{"name":"(anonymous_15)","decl":{"start":{"line":257,"column":2},"end":{"line":257,"column":10}},"loc":{"start":{"line":257,"column":44},"end":{"line":261,"column":null}},"line":257}},"branchMap":{"0":{"loc":{"start":{"line":22,"column":4},"end":{"line":22,"column":null}},"type":"default-arg","locations":[{"start":{"line":22,"column":29},"end":{"line":22,"column":null}}],"line":22},"1":{"loc":{"start":{"line":23,"column":4},"end":{"line":23,"column":null}},"type":"default-arg","locations":[{"start":{"line":23,"column":32},"end":{"line":23,"column":null}}],"line":23},"2":{"loc":{"start":{"line":24,"column":4},"end":{"line":24,"column":null}},"type":"default-arg","locations":[{"start":{"line":24,"column":37},"end":{"line":24,"column":null}}],"line":24},"3":{"loc":{"start":{"line":26,"column":21},"end":{"line":26,"column":null}},"type":"binary-expr","locations":[{"start":{"line":26,"column":21},"end":{"line":26,"column":34}},{"start":{"line":26,"column":34},"end":{"line":26,"column":null}}],"line":26},"4":{"loc":{"start":{"line":55,"column":4},"end":{"line":57,"column":null}},"type":"if","locations":[{"start":{"line":55,"column":4},"end":{"line":57,"column":null}},{"start":{},"end":{}}],"line":55},"5":{"loc":{"start":{"line":55,"column":8},"end":{"line":55,"column":62}},"type":"binary-expr","locations":[{"start":{"line":55,"column":8},"end":{"line":55,"column":30}},{"start":{"line":55,"column":30},"end":{"line":55,"column":62}}],"line":55},"6":{"loc":{"start":{"line":63,"column":19},"end":{"line":63,"column":null}},"type":"cond-expr","locations":[{"start":{"line":63,"column":46},"end":{"line":63,"column":53}},{"start":{"line":63,"column":53},"end":{"line":63,"column":null}}],"line":63},"7":{"loc":{"start":{"line":65,"column":6},"end":{"line":75,"column":null}},"type":"if","locations":[{"start":{"line":65,"column":6},"end":{"line":75,"column":null}},{"start":{"line":69,"column":13},"end":{"line":75,"column":null}}],"line":65},"8":{"loc":{"start":{"line":80,"column":23},"end":{"line":80,"column":48}},"type":"binary-expr","locations":[{"start":{"line":80,"column":23},"end":{"line":80,"column":42}},{"start":{"line":80,"column":42},"end":{"line":80,"column":48}}],"line":80},"9":{"loc":{"start":{"line":80,"column":48},"end":{"line":80,"column":69}},"type":"binary-expr","locations":[{"start":{"line":80,"column":48},"end":{"line":80,"column":67}},{"start":{"line":80,"column":67},"end":{"line":80,"column":69}}],"line":80},"10":{"loc":{"start":{"line":88,"column":4},"end":{"line":90,"column":null}},"type":"if","locations":[{"start":{"line":88,"column":4},"end":{"line":90,"column":null}},{"start":{},"end":{}}],"line":88},"11":{"loc":{"start":{"line":88,"column":8},"end":{"line":88,"column":72}},"type":"binary-expr","locations":[{"start":{"line":88,"column":8},"end":{"line":88,"column":35}},{"start":{"line":88,"column":35},"end":{"line":88,"column":72}}],"line":88},"12":{"loc":{"start":{"line":100,"column":23},"end":{"line":100,"column":45}},"type":"binary-expr","locations":[{"start":{"line":100,"column":23},"end":{"line":100,"column":39}},{"start":{"line":100,"column":39},"end":{"line":100,"column":45}}],"line":100},"13":{"loc":{"start":{"line":100,"column":45},"end":{"line":100,"column":63}},"type":"binary-expr","locations":[{"start":{"line":100,"column":45},"end":{"line":100,"column":61}},{"start":{"line":100,"column":61},"end":{"line":100,"column":63}}],"line":100},"14":{"loc":{"start":{"line":111,"column":4},"end":{"line":121,"column":null}},"type":"if","locations":[{"start":{"line":111,"column":4},"end":{"line":121,"column":null}},{"start":{},"end":{}}],"line":111},"15":{"loc":{"start":{"line":114,"column":8},"end":{"line":119,"column":null}},"type":"if","locations":[{"start":{"line":114,"column":8},"end":{"line":119,"column":null}},{"start":{},"end":{}}],"line":114},"16":{"loc":{"start":{"line":138,"column":6},"end":{"line":140,"column":null}},"type":"if","locations":[{"start":{"line":138,"column":6},"end":{"line":140,"column":null}},{"start":{},"end":{}}],"line":138},"17":{"loc":{"start":{"line":138,"column":11},"end":{"line":138,"column":38}},"type":"binary-expr","locations":[{"start":{"line":138,"column":11},"end":{"line":138,"column":33}},{"start":{"line":138,"column":33},"end":{"line":138,"column":38}}],"line":138},"18":{"loc":{"start":{"line":145,"column":6},"end":{"line":147,"column":null}},"type":"if","locations":[{"start":{"line":145,"column":6},"end":{"line":147,"column":null}},{"start":{},"end":{}}],"line":145},"19":{"loc":{"start":{"line":145,"column":11},"end":{"line":145,"column":34}},"type":"binary-expr","locations":[{"start":{"line":145,"column":11},"end":{"line":145,"column":29}},{"start":{"line":145,"column":29},"end":{"line":145,"column":34}}],"line":145},"20":{"loc":{"start":{"line":151,"column":4},"end":{"line":159,"column":null}},"type":"if","locations":[{"start":{"line":151,"column":4},"end":{"line":159,"column":null}},{"start":{},"end":{}}],"line":151},"21":{"loc":{"start":{"line":151,"column":8},"end":{"line":151,"column":67}},"type":"binary-expr","locations":[{"start":{"line":151,"column":8},"end":{"line":151,"column":31}},{"start":{"line":151,"column":31},"end":{"line":151,"column":67}}],"line":151},"22":{"loc":{"start":{"line":155,"column":8},"end":{"line":157,"column":null}},"type":"if","locations":[{"start":{"line":155,"column":8},"end":{"line":157,"column":null}},{"start":{},"end":{}}],"line":155},"23":{"loc":{"start":{"line":172,"column":4},"end":{"line":180,"column":null}},"type":"if","locations":[{"start":{"line":172,"column":4},"end":{"line":180,"column":null}},{"start":{},"end":{}}],"line":172},"24":{"loc":{"start":{"line":182,"column":11},"end":{"line":182,"column":null}},"type":"cond-expr","locations":[{"start":{"line":182,"column":30},"end":{"line":182,"column":38}},{"start":{"line":182,"column":38},"end":{"line":182,"column":null}}],"line":182},"25":{"loc":{"start":{"line":194,"column":16},"end":{"line":194,"column":null}},"type":"binary-expr","locations":[{"start":{"line":194,"column":16},"end":{"line":194,"column":56}},{"start":{"line":194,"column":56},"end":{"line":194,"column":null}}],"line":194},"26":{"loc":{"start":{"line":204,"column":18},"end":{"line":204,"column":null}},"type":"binary-expr","locations":[{"start":{"line":204,"column":18},"end":{"line":204,"column":34}},{"start":{"line":204,"column":34},"end":{"line":204,"column":null}}],"line":204},"27":{"loc":{"start":{"line":222,"column":4},"end":{"line":224,"column":null}},"type":"if","locations":[{"start":{"line":222,"column":4},"end":{"line":224,"column":null}},{"start":{},"end":{}}],"line":222},"28":{"loc":{"start":{"line":232,"column":4},"end":{"line":232,"column":null}},"type":"if","locations":[{"start":{"line":232,"column":4},"end":{"line":232,"column":null}},{"start":{},"end":{}}],"line":232},"29":{"loc":{"start":{"line":232,"column":8},"end":{"line":232,"column":41}},"type":"binary-expr","locations":[{"start":{"line":232,"column":8},"end":{"line":232,"column":16}},{"start":{"line":232,"column":16},"end":{"line":232,"column":41}}],"line":232},"30":{"loc":{"start":{"line":237,"column":4},"end":{"line":237,"column":null}},"type":"if","locations":[{"start":{"line":237,"column":4},"end":{"line":237,"column":null}},{"start":{},"end":{}}],"line":237},"31":{"loc":{"start":{"line":238,"column":4},"end":{"line":240,"column":null}},"type":"if","locations":[{"start":{"line":238,"column":4},"end":{"line":240,"column":null}},{"start":{},"end":{}}],"line":238},"32":{"loc":{"start":{"line":238,"column":8},"end":{"line":238,"column":60}},"type":"binary-expr","locations":[{"start":{"line":238,"column":8},"end":{"line":238,"column":26}},{"start":{"line":238,"column":26},"end":{"line":238,"column":60}}],"line":238},"33":{"loc":{"start":{"line":241,"column":4},"end":{"line":241,"column":null}},"type":"if","locations":[{"start":{"line":241,"column":4},"end":{"line":241,"column":null}},{"start":{},"end":{}}],"line":241},"34":{"loc":{"start":{"line":250,"column":4},"end":{"line":250,"column":null}},"type":"if","locations":[{"start":{"line":250,"column":4},"end":{"line":250,"column":null}},{"start":{},"end":{}}],"line":250},"35":{"loc":{"start":{"line":259,"column":4},"end":{"line":259,"column":null}},"type":"if","locations":[{"start":{"line":259,"column":4},"end":{"line":259,"column":null}},{"start":{},"end":{}}],"line":259}},"s":{"0":7,"1":7,"2":7,"3":7,"4":10,"5":10,"6":10,"7":10,"8":10,"9":10,"10":3,"11":7,"12":7,"13":14,"14":14,"15":0,"16":0,"17":14,"18":7,"19":7,"20":10,"21":3,"22":7,"23":14,"24":14,"25":7,"26":10,"27":10,"28":10,"29":0,"30":0,"31":0,"32":10,"33":10,"34":10,"35":14,"36":0,"37":10,"38":14,"39":0,"40":10,"41":10,"42":10,"43":0,"44":0,"45":0,"46":0,"47":10,"48":10,"49":10,"50":10,"51":10,"52":0,"53":0,"54":0,"55":10,"56":14,"57":14,"58":14,"59":14,"60":14,"61":14,"62":14,"63":14,"64":14,"65":14,"66":14,"67":0,"68":0,"69":0,"70":0,"71":0,"72":0,"73":0,"74":0,"75":0,"76":0,"77":0,"78":0,"79":0,"80":0,"81":0,"82":0,"83":0,"84":0},"f":{"0":7,"1":10,"2":10,"3":7,"4":10,"5":14,"6":7,"7":10,"8":10,"9":10,"10":14,"11":14,"12":14,"13":0,"14":0,"15":0},"b":{"0":[7],"1":[7],"2":[7],"3":[7,3],"4":[3,7],"5":[10,10],"6":[14,0],"7":[0,14],"8":[7,0],"9":[7,0],"10":[3,7],"11":[10,10],"12":[7,0],"13":[7,0],"14":[10,0],"15":[0,0],"16":[0,14],"17":[14,0],"18":[0,14],"19":[14,0],"20":[10,0],"21":[10,10],"22":[0,0],"23":[10,0],"24":[0,10],"25":[14,0],"26":[14,0],"27":[14,0],"28":[0,0],"29":[0,0],"30":[0,0],"31":[0,0],"32":[0,0],"33":[0,0],"34":[0,0],"35":[0,0]},"meta":{"lastBranch":36,"lastFunction":16,"lastStatement":85,"seen":{"f:20:2:20:Infinity":0,"b:22:29:22:Infinity":0,"b:23:32:23:Infinity":1,"b:24:37:24:Infinity":2,"s:26:4:26:Infinity":0,"b:26:21:26:34:26:34:26:Infinity":3,"s:27:4:27:Infinity":1,"s:28:4:28:Infinity":2,"s:29:4:29:Infinity":3,"f:35:2:35:10":1,"s:36:18:36:Infinity":4,"s:37:21:37:Infinity":5,"s:38:19:38:Infinity":6,"s:39:27:39:Infinity":7,"s:41:4:48:Infinity":8,"f:54:2:54:10":2,"b:55:4:57:Infinity:undefined:undefined:undefined:undefined":4,"s:55:4:57:Infinity":9,"b:55:8:55:30:55:30:55:62":5,"s:56:6:56:Infinity":10,"s:59:20:59:Infinity":11,"s:62:4:76:Infinity":12,"s:63:19:63:Infinity":13,"b:63:46:63:53:63:53:63:Infinity":6,"b:65:6:75:Infinity:69:13:75:Infinity":7,"s:65:6:75:Infinity":14,"s:67:25:67:Infinity":15,"s:68:8:68:Infinity":16,"s:70:8:74:Infinity":17,"s:79:4:81:Infinity":18,"f:80:7:80:13":3,"s:80:16:80:69":19,"b:80:23:80:42:80:42:80:48":8,"b:80:48:80:67:80:67:80:69":9,"f:87:2:87:10":4,"b:88:4:90:Infinity:undefined:undefined:undefined:undefined":10,"s:88:4:90:Infinity":20,"b:88:8:88:35:88:35:88:72":11,"s:89:6:89:Infinity":21,"s:92:4:101:Infinity":22,"f:93:7:93:11":5,"s:94:27:94:Infinity":23,"s:95:8:98:Infinity":24,"f:100:7:100:13":6,"s:100:16:100:63":25,"b:100:23:100:39:100:39:100:45":12,"b:100:45:100:61:100:61:100:63":13,"f:107:2:107:10":7,"s:108:38:108:Infinity":26,"b:111:4:121:Infinity:undefined:undefined:undefined:undefined":14,"s:111:4:121:Infinity":27,"s:112:6:120:Infinity":28,"s:113:25:113:Infinity":29,"b:114:8:119:Infinity:undefined:undefined:undefined:undefined":15,"s:114:8:119:Infinity":30,"s:115:10:118:Infinity":31,"s:123:4:123:Infinity":32,"f:129:2:129:10":8,"s:134:32:134:Infinity":33,"s:137:4:141:Infinity":34,"b:138:6:140:Infinity:undefined:undefined:undefined:undefined":16,"s:138:6:140:Infinity":35,"b:138:11:138:33:138:33:138:38":17,"s:139:8:139:Infinity":36,"s:144:4:148:Infinity":37,"b:145:6:147:Infinity:undefined:undefined:undefined:undefined":18,"s:145:6:147:Infinity":38,"b:145:11:145:29:145:29:145:34":19,"s:146:8:146:Infinity":39,"b:151:4:159:Infinity:undefined:undefined:undefined:undefined":20,"s:151:4:159:Infinity":40,"b:151:8:151:31:151:31:151:67":21,"s:152:6:158:Infinity":41,"s:152:19:152:22":42,"s:153:23:153:Infinity":43,"s:154:21:154:Infinity":44,"b:155:8:157:Infinity:undefined:undefined:undefined:undefined":22,"s:155:8:157:Infinity":45,"s:156:10:156:Infinity":46,"s:161:4:161:Infinity":47,"f:167:2:167:10":9,"s:169:28:169:Infinity":48,"s:170:24:170:Infinity":49,"b:172:4:180:Infinity:undefined:undefined:undefined:undefined":23,"s:172:4:180:Infinity":50,"s:173:6:179:Infinity":51,"s:174:23:174:Infinity":52,"s:176:8:178:Infinity":53,"s:177:10:177:Infinity":54,"s:182:4:182:Infinity":55,"b:182:30:182:38:182:38:182:Infinity":24,"f:189:2:189:10":10,"s:190:24:190:Infinity":56,"s:191:18:191:Infinity":57,"s:194:16:194:Infinity":58,"b:194:16:194:56:194:56:194:Infinity":25,"s:195:44:202:Infinity":59,"s:204:18:204:Infinity":60,"b:204:18:204:34:204:34:204:Infinity":26,"s:205:20:205:Infinity":61,"s:206:4:206:Infinity":62,"f:212:2:212:10":11,"s:213:4:213:Infinity":63,"f:219:2:219:10":12,"s:221:22:221:Infinity":64,"b:222:4:224:Infinity:undefined:undefined:undefined:undefined":27,"s:222:4:224:Infinity":65,"s:223:6:223:Infinity":66,"s:225:4:225:Infinity":67,"f:231:2:231:10":13,"b:232:4:232:Infinity:undefined:undefined:undefined:undefined":28,"s:232:4:232:Infinity":68,"b:232:8:232:16:232:16:232:41":29,"s:232:41:232:Infinity":69,"s:234:19:234:Infinity":70,"b:237:4:237:Infinity:undefined:undefined:undefined:undefined":30,"s:237:4:237:Infinity":71,"s:237:22:237:Infinity":72,"b:238:4:240:Infinity:undefined:undefined:undefined:undefined":31,"s:238:4:240:Infinity":73,"b:238:8:238:26:238:26:238:60":32,"s:239:6:239:Infinity":74,"b:241:4:241:Infinity:undefined:undefined:undefined:undefined":33,"s:241:4:241:Infinity":75,"s:241:23:241:Infinity":76,"s:243:4:243:Infinity":77,"f:249:2:249:10":14,"b:250:4:250:Infinity:undefined:undefined:undefined:undefined":34,"s:250:4:250:Infinity":78,"s:250:14:250:Infinity":79,"s:251:4:251:Infinity":80,"f:257:2:257:10":15,"s:258:18:258:Infinity":81,"b:259:4:259:Infinity:undefined:undefined:undefined:undefined":35,"s:259:4:259:Infinity":82,"s:259:27:259:Infinity":83,"s:260:4:260:Infinity":84}}}
}
